<?xml version="1.0" encoding="UTF-8"?>
<!-- Generated by org.testng.reporters.JUnitXMLReporter -->
<testsuite ignored="23" hostname="DESKTOP-CF5VJ3J" failures="0" tests="20" name="Patient" time="113.325" errors="0" timestamp="2021-10-13T21:28:19 SGT">
  <testcase classname="ui.TestCases" name="checkSessionPatient" time="1.173"/>
  <testcase classname="ui.TestCases" name="checkPatientPagePositiveCase" time="1.074"/>
  <testcase classname="ui.TestCases" name="checkPatientPageNegativeCase" time="0.071"/>
  <testcase classname="ui.TestCases" name="checkPersonalInformationPagePositiveCase" time="2.211"/>
  <testcase classname="ui.TestCases" name="checkPersonalInformationPageNegativeCase" time="2.166"/>
  <testcase classname="ui.TestCases" name="checkEditPatientModalContentPositiveCase" time="4.654"/>
  <testcase classname="ui.TestCases" name="checkEditPatientModalContentNegativeCase" time="3.527"/>
  <testcase classname="ui.TestCases" name="checkEditPatientClickable" time="2.217"/>
  <testcase classname="ui.TestCases" name="checkEditPatientInfomationPatternValidation" time="4.891"/>
  <testcase classname="ui.TestCases" name="checkEditPatientInformationIsFilledValidationWithSaveChangesNegativeCase" time="8.58"/>
  <testcase classname="ui.TestCases" name="checkEditPatientSaveChangePositiveCase" time="7.459"/>
  <testcase classname="ui.TestCases" name="checkNavigateToBookPage" time="2.146"/>
  <testcase classname="ui.TestCases" name="checkBookPageContent" time="4.254"/>
  <testcase classname="ui.TestCases" name="checkSubmitBookSlotNegativeCase" time="3.875"/>
  <testcase classname="ui.TestCases" name="checkSubmitBookSlotPositiveCase" time="7.67"/>
  <testcase classname="ui.TestCases" name="checkSubmitBookSlotWithValidationNegativeCase" time="9.837"/>
  <testcase classname="ui.TestCases" name="checkViewVaccinationContent" time="3.493"/>
  <testcase classname="ui.TestCases" name="checkEditScheduleContent" time="2.978"/>
  <testcase classname="ui.TestCases" name="checkEditModalPositiveCase" time="7.874"/>
  <testcase classname="ui.TestCases" name="checkEditModalWithValidationNegativeCase" time="7.985"/>
  <testcase classname="ui.TestCases" name="checkDeleteContent" time="0.0">
    <ignored/>
  </testcase> <!-- checkDeleteContent -->
  <testcase classname="ui.TestCases" name="checkEditContent" time="0.0">
    <ignored/>
  </testcase> <!-- checkEditContent -->
  <testcase classname="ui.TestCases" name="checkDetailsContentWithVaccCentre" time="0.0">
    <ignored/>
  </testcase> <!-- checkDetailsContentWithVaccCentre -->
  <testcase classname="ui.TestCases" name="checkAdminTab" time="0.0">
    <ignored/>
  </testcase> <!-- checkAdminTab -->
  <testcase classname="ui.TestCases" name="checkEditInformationWithValidationDiffInputNegativeCase" time="0.0">
    <ignored/>
  </testcase> <!-- checkEditInformationWithValidationDiffInputNegativeCase -->
  <testcase classname="ui.TestCases" name="checkEditScheduleWithValidationNegativeCase" time="0.0">
    <ignored/>
  </testcase> <!-- checkEditScheduleWithValidationNegativeCase -->
  <testcase classname="ui.TestCases" name="checkEditInformationWithFilledPositiveCase" time="0.0">
    <ignored/>
  </testcase> <!-- checkEditInformationWithFilledPositiveCase -->
  <testcase classname="ui.TestCases" name="checkPatientTabContent" time="0.0">
    <ignored/>
  </testcase> <!-- checkPatientTabContent -->
  <testcase classname="ui.TestCases" name="checkAddPatientPatternValidationNegativeCase" time="0.0">
    <ignored/>
  </testcase> <!-- checkAddPatientPatternValidationNegativeCase -->
  <testcase classname="ui.TestCases" name="addPatientPositiveCase" time="0.0">
    <ignored/>
  </testcase> <!-- addPatientPositiveCase -->
  <testcase classname="ui.TestCases" name="checkSessionAdmin" time="0.0">
    <ignored/>
  </testcase> <!-- checkSessionAdmin -->
  <testcase classname="ui.TestCases" name="checkEditInfomationWithValidationEmptyNegativeCase" time="0.0">
    <ignored/>
  </testcase> <!-- checkEditInfomationWithValidationEmptyNegativeCase -->
  <testcase classname="ui.TestCases" name="checkAddPatientClickable" time="0.0">
    <ignored/>
  </testcase> <!-- checkAddPatientClickable -->
  <testcase classname="ui.TestCases" name="checkAdminPagePositiveCase" time="0.0">
    <ignored/>
  </testcase> <!-- checkAdminPagePositiveCase -->
  <testcase classname="ui.TestCases" name="checkDetailsIconClickable" time="0.0">
    <ignored/>
  </testcase> <!-- checkDetailsIconClickable -->
  <testcase classname="ui.TestCases" name="checkAddPatientWithEmptyFieldNegativeCase" time="0.0">
    <ignored/>
  </testcase> <!-- checkAddPatientWithEmptyFieldNegativeCase -->
  <testcase classname="ui.TestCases" name="checkAdminPageNegativeCase" time="0.0">
    <ignored/>
  </testcase> <!-- checkAdminPageNegativeCase -->
  <testcase classname="ui.TestCases" name="checkDeleteIconClickable" time="0.0">
    <ignored/>
  </testcase> <!-- checkDeleteIconClickable -->
  <testcase classname="ui.TestCases" name="checkDelete" time="0.0">
    <ignored/>
  </testcase> <!-- checkDelete -->
  <testcase classname="ui.TestCases" name="checkAddPatientContent" time="0.0">
    <ignored/>
  </testcase> <!-- checkAddPatientContent -->
  <testcase classname="ui.TestCases" name="checkEditIconeClickable" time="0.0">
    <ignored/>
  </testcase> <!-- checkEditIconeClickable -->
  <testcase classname="ui.TestCases" name="checkEditSchedulePositiveCase" time="0.0">
    <ignored/>
  </testcase> <!-- checkEditSchedulePositiveCase -->
  <testcase classname="ui.TestCases" name="addPatientExistingPatientNegativeCase" time="0.0">
    <ignored/>
  </testcase> <!-- addPatientExistingPatientNegativeCase -->
</testsuite> <!-- Patient -->
