<?xml version="1.0" encoding="UTF-8"?>
<!-- Generated by org.testng.reporters.JUnitXMLReporter -->
<testsuite ignored="0" hostname="DESKTOP-CF5VJ3J" failures="0" tests="43" name="Default test" time="13.732" errors="0" timestamp="2021-10-13T00:05:23 SGT">
  <testcase classname="ui.TestCases" name="@BeforeMethod beforeTestForPatient" time="10.127">
    <failure type="org.openqa.selenium.NoSuchElementException" message="no such element: Unable to locate element: {&amp;quot;method&amp;quot;:&amp;quot;xpath&amp;quot;,&amp;quot;selector&amp;quot;:&amp;quot;//input[@name=&amp;apos;inputNric&amp;apos;]&amp;quot;}
  (Session info: chrome=94.0.4606.61)
For documentation on this error, please visit: https://www.seleniumhq.org/exceptions/no_such_element.html
Build info: version: &amp;apos;3.141.59&amp;apos;, revision: &amp;apos;e82be7d358&amp;apos;, time: &amp;apos;2018-11-14T08:25:48&amp;apos;
System info: host: &amp;apos;DESKTOP-CF5VJ3J&amp;apos;, ip: &amp;apos;192.168.1.237&amp;apos;, os.name: &amp;apos;Windows 10&amp;apos;, os.arch: &amp;apos;amd64&amp;apos;, os.version: &amp;apos;10.0&amp;apos;, java.version: &amp;apos;16.0.2&amp;apos;
Driver info: org.openqa.selenium.chrome.ChromeDriver
Capabilities {acceptInsecureCerts: false, browserName: chrome, browserVersion: 94.0.4606.61, chrome: {chromedriverVersion: 94.0.4606.41 (333e85df3c9b6..., userDataDir: C:\Users\druml\AppData\Loca...}, goog:chromeOptions: {debuggerAddress: localhost:50719}, javascriptEnabled: true, networkConnectionEnabled: false, pageLoadStrategy: normal, platform: WINDOWS, platformName: WINDOWS, proxy: Proxy(), setWindowRect: true, strictFileInteractability: false, timeouts: {implicit: 0, pageLoad: 300000, script: 30000}, unhandledPromptBehavior: dismiss and notify, webauthn:extension:credBlob: true, webauthn:extension:largeBlob: true, webauthn:virtualAuthenticators: true}
Session ID: 2d3a809e417152124b6cb79c882ce621
*** Element info: {Using=xpath, value=//input[@name=&amp;apos;inputNric&amp;apos;]}">
      <![CDATA[org.openqa.selenium.NoSuchElementException: no such element: Unable to locate element: {"method":"xpath","selector":"//input[@name='inputNric']"}
  (Session info: chrome=94.0.4606.61)
For documentation on this error, please visit: https://www.seleniumhq.org/exceptions/no_such_element.html
Build info: version: '3.141.59', revision: 'e82be7d358', time: '2018-11-14T08:25:48'
System info: host: 'DESKTOP-CF5VJ3J', ip: '192.168.1.237', os.name: 'Windows 10', os.arch: 'amd64', os.version: '10.0', java.version: '16.0.2'
Driver info: org.openqa.selenium.chrome.ChromeDriver
Capabilities {acceptInsecureCerts: false, browserName: chrome, browserVersion: 94.0.4606.61, chrome: {chromedriverVersion: 94.0.4606.41 (333e85df3c9b6..., userDataDir: C:\Users\druml\AppData\Loca...}, goog:chromeOptions: {debuggerAddress: localhost:50719}, javascriptEnabled: true, networkConnectionEnabled: false, pageLoadStrategy: normal, platform: WINDOWS, platformName: WINDOWS, proxy: Proxy(), setWindowRect: true, strictFileInteractability: false, timeouts: {implicit: 0, pageLoad: 300000, script: 30000}, unhandledPromptBehavior: dismiss and notify, webauthn:extension:credBlob: true, webauthn:extension:largeBlob: true, webauthn:virtualAuthenticators: true}
Session ID: 2d3a809e417152124b6cb79c882ce621
*** Element info: {Using=xpath, value=//input[@name='inputNric']}
at java.base/jdk.internal.reflect.NativeConstructorAccessorImpl.newInstance0(Native Method)
at java.base/jdk.internal.reflect.NativeConstructorAccessorImpl.newInstance(NativeConstructorAccessorImpl.java:78)
at java.base/jdk.internal.reflect.DelegatingConstructorAccessorImpl.newInstance(DelegatingConstructorAccessorImpl.java:45)
at java.base/java.lang.reflect.Constructor.newInstanceWithCaller(Constructor.java:499)
at java.base/java.lang.reflect.Constructor.newInstance(Constructor.java:480)
at org.openqa.selenium.remote.http.W3CHttpResponseCodec.createException(W3CHttpResponseCodec.java:187)
at org.openqa.selenium.remote.http.W3CHttpResponseCodec.decode(W3CHttpResponseCodec.java:122)
at org.openqa.selenium.remote.http.W3CHttpResponseCodec.decode(W3CHttpResponseCodec.java:49)
at org.openqa.selenium.remote.HttpCommandExecutor.execute(HttpCommandExecutor.java:158)
at org.openqa.selenium.remote.service.DriverCommandExecutor.execute(DriverCommandExecutor.java:83)
at org.openqa.selenium.remote.RemoteWebDriver.execute(RemoteWebDriver.java:552)
at org.openqa.selenium.remote.RemoteWebDriver.findElement(RemoteWebDriver.java:323)
at org.openqa.selenium.remote.RemoteWebDriver.findElementByXPath(RemoteWebDriver.java:428)
at org.openqa.selenium.By$ByXPath.findElement(By.java:353)
at org.openqa.selenium.remote.RemoteWebDriver.findElement(RemoteWebDriver.java:315)
at ui.SignIn.signInUser(SignIn.java:11)
at ui.TestCases.beforeTestForPatient(TestCases.java:63)
at java.base/jdk.internal.reflect.NativeMethodAccessorImpl.invoke0(Native Method)
at java.base/jdk.internal.reflect.NativeMethodAccessorImpl.invoke(NativeMethodAccessorImpl.java:78)
at java.base/jdk.internal.reflect.DelegatingMethodAccessorImpl.invoke(DelegatingMethodAccessorImpl.java:43)
at java.base/java.lang.reflect.Method.invoke(Method.java:567)
at org.testng.internal.MethodInvocationHelper.invokeMethod(MethodInvocationHelper.java:133)
at org.testng.internal.MethodInvocationHelper.invokeMethodConsideringTimeout(MethodInvocationHelper.java:62)
at org.testng.internal.ConfigInvoker.invokeConfigurationMethod(ConfigInvoker.java:385)
at org.testng.internal.ConfigInvoker.invokeConfigurations(ConfigInvoker.java:321)
at org.testng.internal.TestInvoker.runConfigMethods(TestInvoker.java:700)
at org.testng.internal.TestInvoker.invokeMethod(TestInvoker.java:527)
at org.testng.internal.TestInvoker.invokeTestMethod(TestInvoker.java:173)
at org.testng.internal.MethodRunner.runInSequence(MethodRunner.java:46)
at org.testng.internal.TestInvoker$MethodInvocationAgent.invoke(TestInvoker.java:824)
at org.testng.internal.TestInvoker.invokeTestMethods(TestInvoker.java:146)
at org.testng.internal.TestMethodWorker.invokeTestMethods(TestMethodWorker.java:146)
at org.testng.internal.TestMethodWorker.run(TestMethodWorker.java:128)
at java.base/java.util.ArrayList.forEach(ArrayList.java:1511)
at org.testng.TestRunner.privateRun(TestRunner.java:794)
at org.testng.TestRunner.run(TestRunner.java:596)
at org.testng.SuiteRunner.runTest(SuiteRunner.java:377)
at org.testng.SuiteRunner.runSequentially(SuiteRunner.java:371)
at org.testng.SuiteRunner.privateRun(SuiteRunner.java:332)
at org.testng.SuiteRunner.run(SuiteRunner.java:276)
at org.testng.SuiteRunnerWorker.runSuite(SuiteRunnerWorker.java:53)
at org.testng.SuiteRunnerWorker.run(SuiteRunnerWorker.java:96)
at org.testng.TestNG.runSuitesSequentially(TestNG.java:1212)
at org.testng.TestNG.runSuitesLocally(TestNG.java:1134)
at org.testng.TestNG.runSuites(TestNG.java:1063)
at org.testng.TestNG.run(TestNG.java:1031)
at org.testng.remote.AbstractRemoteTestNG.run(AbstractRemoteTestNG.java:115)
at org.testng.remote.RemoteTestNG.initAndRun(RemoteTestNG.java:251)
at org.testng.remote.RemoteTestNG.main(RemoteTestNG.java:77)
]]>
    </failure>
  </testcase> <!-- @BeforeMethod beforeTestForPatient -->
  <testcase classname="ui.TestCases" name="@AfterMethod afterEachTest" time="-1.634054723207E9">
    <skipped/>
  </testcase> <!-- @AfterMethod afterEachTest -->
  <testcase classname="ui.TestCases" name="@BeforeMethod beforeTestForAdmin" time="-1.634054723212E9">
    <skipped/>
  </testcase> <!-- @BeforeMethod beforeTestForAdmin -->
  <testcase classname="ui.TestCases" name="@BeforeMethod beforeTestForPatient" time="-1.634054723213E9">
    <skipped/>
  </testcase> <!-- @BeforeMethod beforeTestForPatient -->
  <testcase classname="ui.TestCases" name="@AfterMethod afterEachTest" time="-1.634054723216E9">
    <skipped/>
  </testcase> <!-- @AfterMethod afterEachTest -->
  <testcase classname="ui.TestCases" name="@BeforeMethod beforeTestForAdmin" time="-1.634054723217E9">
    <skipped/>
  </testcase> <!-- @BeforeMethod beforeTestForAdmin -->
  <testcase classname="ui.TestCases" name="@BeforeMethod beforeTestForPatient" time="-1.634054723217E9">
    <skipped/>
  </testcase> <!-- @BeforeMethod beforeTestForPatient -->
  <testcase classname="ui.TestCases" name="@AfterMethod afterEachTest" time="-1.634054723221E9">
    <skipped/>
  </testcase> <!-- @AfterMethod afterEachTest -->
  <testcase classname="ui.TestCases" name="@BeforeMethod beforeTestForAdmin" time="-1.634054723223E9">
    <skipped/>
  </testcase> <!-- @BeforeMethod beforeTestForAdmin -->
  <testcase classname="ui.TestCases" name="@BeforeMethod beforeTestForPatient" time="-1.634054723223E9">
    <skipped/>
  </testcase> <!-- @BeforeMethod beforeTestForPatient -->
  <testcase classname="ui.TestCases" name="@AfterMethod afterEachTest" time="-1.634054723227E9">
    <skipped/>
  </testcase> <!-- @AfterMethod afterEachTest -->
  <testcase classname="ui.TestCases" name="@BeforeMethod beforeTestForAdmin" time="-1.634054723228E9">
    <skipped/>
  </testcase> <!-- @BeforeMethod beforeTestForAdmin -->
  <testcase classname="ui.TestCases" name="@BeforeMethod beforeTestForPatient" time="-1.634054723229E9">
    <skipped/>
  </testcase> <!-- @BeforeMethod beforeTestForPatient -->
  <testcase classname="ui.TestCases" name="@AfterMethod afterEachTest" time="-1.634054723233E9">
    <skipped/>
  </testcase> <!-- @AfterMethod afterEachTest -->
  <testcase classname="ui.TestCases" name="@BeforeMethod beforeTestForAdmin" time="-1.634054723234E9">
    <skipped/>
  </testcase> <!-- @BeforeMethod beforeTestForAdmin -->
  <testcase classname="ui.TestCases" name="@BeforeMethod beforeTestForPatient" time="-1.634054723235E9">
    <skipped/>
  </testcase> <!-- @BeforeMethod beforeTestForPatient -->
  <testcase classname="ui.TestCases" name="@AfterMethod afterEachTest" time="-1.634054723242E9">
    <skipped/>
  </testcase> <!-- @AfterMethod afterEachTest -->
  <testcase classname="ui.TestCases" name="@BeforeMethod beforeTestForAdmin" time="-1.634054723243E9">
    <skipped/>
  </testcase> <!-- @BeforeMethod beforeTestForAdmin -->
  <testcase classname="ui.TestCases" name="@BeforeMethod beforeTestForPatient" time="-1.634054723244E9">
    <skipped/>
  </testcase> <!-- @BeforeMethod beforeTestForPatient -->
  <testcase classname="ui.TestCases" name="@AfterMethod afterEachTest" time="-1.634054723248E9">
    <skipped/>
  </testcase> <!-- @AfterMethod afterEachTest -->
  <testcase classname="ui.TestCases" name="@BeforeMethod beforeTestForAdmin" time="-1.634054723249E9">
    <skipped/>
  </testcase> <!-- @BeforeMethod beforeTestForAdmin -->
  <testcase classname="ui.TestCases" name="@BeforeMethod beforeTestForPatient" time="-1.63405472325E9">
    <skipped/>
  </testcase> <!-- @BeforeMethod beforeTestForPatient -->
  <testcase classname="ui.TestCases" name="@AfterMethod afterEachTest" time="-1.634054723253E9">
    <skipped/>
  </testcase> <!-- @AfterMethod afterEachTest -->
  <testcase classname="ui.TestCases" name="@BeforeMethod beforeTestForAdmin" time="-1.634054723254E9">
    <skipped/>
  </testcase> <!-- @BeforeMethod beforeTestForAdmin -->
  <testcase classname="ui.TestCases" name="@BeforeMethod beforeTestForPatient" time="-1.634054723255E9">
    <skipped/>
  </testcase> <!-- @BeforeMethod beforeTestForPatient -->
  <testcase classname="ui.TestCases" name="@AfterMethod afterEachTest" time="-1.634054723258E9">
    <skipped/>
  </testcase> <!-- @AfterMethod afterEachTest -->
  <testcase classname="ui.TestCases" name="@BeforeMethod beforeTestForAdmin" time="-1.63405472326E9">
    <skipped/>
  </testcase> <!-- @BeforeMethod beforeTestForAdmin -->
  <testcase classname="ui.TestCases" name="@BeforeMethod beforeTestForPatient" time="-1.63405472326E9">
    <skipped/>
  </testcase> <!-- @BeforeMethod beforeTestForPatient -->
  <testcase classname="ui.TestCases" name="@AfterMethod afterEachTest" time="-1.634054723264E9">
    <skipped/>
  </testcase> <!-- @AfterMethod afterEachTest -->
  <testcase classname="ui.TestCases" name="@BeforeMethod beforeTestForAdmin" time="-1.634054723265E9">
    <skipped/>
  </testcase> <!-- @BeforeMethod beforeTestForAdmin -->
  <testcase classname="ui.TestCases" name="@BeforeMethod beforeTestForPatient" time="-1.634054723265E9">
    <skipped/>
  </testcase> <!-- @BeforeMethod beforeTestForPatient -->
  <testcase classname="ui.TestCases" name="@AfterMethod afterEachTest" time="-1.634054723269E9">
    <skipped/>
  </testcase> <!-- @AfterMethod afterEachTest -->
  <testcase classname="ui.TestCases" name="@BeforeMethod beforeTestForAdmin" time="-1.63405472327E9">
    <skipped/>
  </testcase> <!-- @BeforeMethod beforeTestForAdmin -->
  <testcase classname="ui.TestCases" name="@BeforeMethod beforeTestForPatient" time="-1.634054723271E9">
    <skipped/>
  </testcase> <!-- @BeforeMethod beforeTestForPatient -->
  <testcase classname="ui.TestCases" name="@AfterMethod afterEachTest" time="-1.634054723275E9">
    <skipped/>
  </testcase> <!-- @AfterMethod afterEachTest -->
  <testcase classname="ui.TestCases" name="@BeforeMethod beforeTestForAdmin" time="-1.634054723276E9">
    <skipped/>
  </testcase> <!-- @BeforeMethod beforeTestForAdmin -->
  <testcase classname="ui.TestCases" name="@BeforeMethod beforeTestForPatient" time="-1.634054723277E9">
    <skipped/>
  </testcase> <!-- @BeforeMethod beforeTestForPatient -->
  <testcase classname="ui.TestCases" name="@AfterMethod afterEachTest" time="-1.634054723281E9">
    <skipped/>
  </testcase> <!-- @AfterMethod afterEachTest -->
  <testcase classname="ui.TestCases" name="@BeforeMethod beforeTestForAdmin" time="-1.634054723282E9">
    <skipped/>
  </testcase> <!-- @BeforeMethod beforeTestForAdmin -->
  <testcase classname="ui.TestCases" name="@BeforeMethod beforeTestForPatient" time="-1.634054723282E9">
    <skipped/>
  </testcase> <!-- @BeforeMethod beforeTestForPatient -->
  <testcase classname="ui.TestCases" name="@AfterMethod afterEachTest" time="-1.634054723285E9">
    <skipped/>
  </testcase> <!-- @AfterMethod afterEachTest -->
  <testcase classname="ui.TestCases" name="@BeforeMethod beforeTestForAdmin" time="-1.634054723286E9">
    <skipped/>
  </testcase> <!-- @BeforeMethod beforeTestForAdmin -->
  <testcase classname="ui.TestCases" name="@BeforeMethod beforeTestForPatient" time="-1.634054723287E9">
    <skipped/>
  </testcase> <!-- @BeforeMethod beforeTestForPatient -->
  <testcase classname="ui.TestCases" name="@AfterMethod afterEachTest" time="-1.63405472329E9">
    <skipped/>
  </testcase> <!-- @AfterMethod afterEachTest -->
  <testcase classname="ui.TestCases" name="@BeforeMethod beforeTestForAdmin" time="-1.634054723291E9">
    <skipped/>
  </testcase> <!-- @BeforeMethod beforeTestForAdmin -->
  <testcase classname="ui.TestCases" name="@BeforeMethod beforeTestForPatient" time="-1.634054723292E9">
    <skipped/>
  </testcase> <!-- @BeforeMethod beforeTestForPatient -->
  <testcase classname="ui.TestCases" name="@AfterMethod afterEachTest" time="-1.634054723295E9">
    <skipped/>
  </testcase> <!-- @AfterMethod afterEachTest -->
  <testcase classname="ui.TestCases" name="@BeforeMethod beforeTestForAdmin" time="-1.634054723296E9">
    <skipped/>
  </testcase> <!-- @BeforeMethod beforeTestForAdmin -->
  <testcase classname="ui.TestCases" name="@BeforeMethod beforeTestForPatient" time="-1.634054723296E9">
    <skipped/>
  </testcase> <!-- @BeforeMethod beforeTestForPatient -->
  <testcase classname="ui.TestCases" name="@AfterMethod afterEachTest" time="-1.634054723298E9">
    <skipped/>
  </testcase> <!-- @AfterMethod afterEachTest -->
  <testcase classname="ui.TestCases" name="@BeforeMethod beforeTestForAdmin" time="-1.634054723299E9">
    <skipped/>
  </testcase> <!-- @BeforeMethod beforeTestForAdmin -->
  <testcase classname="ui.TestCases" name="@BeforeMethod beforeTestForPatient" time="-1.634054723299E9">
    <skipped/>
  </testcase> <!-- @BeforeMethod beforeTestForPatient -->
  <testcase classname="ui.TestCases" name="@AfterMethod afterEachTest" time="-1.634054723301E9">
    <skipped/>
  </testcase> <!-- @AfterMethod afterEachTest -->
  <testcase classname="ui.TestCases" name="@BeforeMethod beforeTestForAdmin" time="-1.634054723302E9">
    <skipped/>
  </testcase> <!-- @BeforeMethod beforeTestForAdmin -->
  <testcase classname="ui.TestCases" name="@BeforeMethod beforeTestForPatient" time="-1.634054723303E9">
    <skipped/>
  </testcase> <!-- @BeforeMethod beforeTestForPatient -->
  <testcase classname="ui.TestCases" name="@AfterMethod afterEachTest" time="-1.634054723305E9">
    <skipped/>
  </testcase> <!-- @AfterMethod afterEachTest -->
  <testcase classname="ui.TestCases" name="@BeforeMethod beforeTestForAdmin" time="-1.634054723306E9">
    <skipped/>
  </testcase> <!-- @BeforeMethod beforeTestForAdmin -->
  <testcase classname="ui.TestCases" name="@BeforeMethod beforeTestForPatient" time="-1.634054723306E9">
    <skipped/>
  </testcase> <!-- @BeforeMethod beforeTestForPatient -->
  <testcase classname="ui.TestCases" name="@AfterMethod afterEachTest" time="-1.63405472331E9">
    <skipped/>
  </testcase> <!-- @AfterMethod afterEachTest -->
  <testcase classname="ui.TestCases" name="@BeforeMethod beforeTestForAdmin" time="-1.634054723311E9">
    <skipped/>
  </testcase> <!-- @BeforeMethod beforeTestForAdmin -->
  <testcase classname="ui.TestCases" name="@BeforeMethod beforeTestForPatient" time="-1.634054723312E9">
    <skipped/>
  </testcase> <!-- @BeforeMethod beforeTestForPatient -->
  <testcase classname="ui.TestCases" name="@AfterMethod afterEachTest" time="-1.634054723314E9">
    <skipped/>
  </testcase> <!-- @AfterMethod afterEachTest -->
  <testcase classname="ui.TestCases" name="@BeforeMethod beforeTestForAdmin" time="-1.634054723315E9">
    <skipped/>
  </testcase> <!-- @BeforeMethod beforeTestForAdmin -->
  <testcase classname="ui.TestCases" name="@BeforeMethod beforeTestForPatient" time="-1.634054723315E9">
    <skipped/>
  </testcase> <!-- @BeforeMethod beforeTestForPatient -->
  <testcase classname="ui.TestCases" name="@AfterMethod afterEachTest" time="-1.634054723318E9">
    <skipped/>
  </testcase> <!-- @AfterMethod afterEachTest -->
  <testcase classname="ui.TestCases" name="@BeforeMethod beforeTestForAdmin" time="-1.634054723318E9">
    <skipped/>
  </testcase> <!-- @BeforeMethod beforeTestForAdmin -->
  <testcase classname="ui.TestCases" name="@BeforeMethod beforeTestForPatient" time="-1.634054723319E9">
    <skipped/>
  </testcase> <!-- @BeforeMethod beforeTestForPatient -->
  <testcase classname="ui.TestCases" name="@AfterMethod afterEachTest" time="-1.634054723329E9">
    <skipped/>
  </testcase> <!-- @AfterMethod afterEachTest -->
  <testcase classname="ui.TestCases" name="@BeforeMethod beforeTestForAdmin" time="-1.63405472333E9">
    <skipped/>
  </testcase> <!-- @BeforeMethod beforeTestForAdmin -->
  <testcase classname="ui.TestCases" name="@BeforeMethod beforeTestForPatient" time="-1.63405472333E9">
    <skipped/>
  </testcase> <!-- @BeforeMethod beforeTestForPatient -->
  <testcase classname="ui.TestCases" name="@AfterMethod afterEachTest" time="-1.634054723332E9">
    <skipped/>
  </testcase> <!-- @AfterMethod afterEachTest -->
  <testcase classname="ui.TestCases" name="@BeforeMethod beforeTestForAdmin" time="-1.634054723333E9">
    <skipped/>
  </testcase> <!-- @BeforeMethod beforeTestForAdmin -->
  <testcase classname="ui.TestCases" name="@BeforeMethod beforeTestForPatient" time="-1.634054723334E9">
    <skipped/>
  </testcase> <!-- @BeforeMethod beforeTestForPatient -->
  <testcase classname="ui.TestCases" name="@AfterMethod afterEachTest" time="-1.634054723336E9">
    <skipped/>
  </testcase> <!-- @AfterMethod afterEachTest -->
  <testcase classname="ui.TestCases" name="@BeforeMethod beforeTestForAdmin" time="-1.634054723337E9">
    <skipped/>
  </testcase> <!-- @BeforeMethod beforeTestForAdmin -->
  <testcase classname="ui.TestCases" name="@BeforeMethod beforeTestForPatient" time="-1.634054723338E9">
    <skipped/>
  </testcase> <!-- @BeforeMethod beforeTestForPatient -->
  <testcase classname="ui.TestCases" name="@AfterMethod afterEachTest" time="-1.63405472334E9">
    <skipped/>
  </testcase> <!-- @AfterMethod afterEachTest -->
  <testcase classname="ui.TestCases" name="@BeforeMethod beforeTestForAdmin" time="-1.634054723341E9">
    <skipped/>
  </testcase> <!-- @BeforeMethod beforeTestForAdmin -->
  <testcase classname="ui.TestCases" name="@BeforeMethod beforeTestForPatient" time="-1.634054723341E9">
    <skipped/>
  </testcase> <!-- @BeforeMethod beforeTestForPatient -->
  <testcase classname="ui.TestCases" name="@AfterMethod afterEachTest" time="-1.634054723344E9">
    <skipped/>
  </testcase> <!-- @AfterMethod afterEachTest -->
  <testcase classname="ui.TestCases" name="@BeforeMethod beforeTestForAdmin" time="-1.634054723344E9">
    <skipped/>
  </testcase> <!-- @BeforeMethod beforeTestForAdmin -->
  <testcase classname="ui.TestCases" name="@BeforeMethod beforeTestForPatient" time="-1.634054723345E9">
    <skipped/>
  </testcase> <!-- @BeforeMethod beforeTestForPatient -->
  <testcase classname="ui.TestCases" name="@AfterMethod afterEachTest" time="-1.634054723348E9">
    <skipped/>
  </testcase> <!-- @AfterMethod afterEachTest -->
  <testcase classname="ui.TestCases" name="@BeforeMethod beforeTestForAdmin" time="-1.634054723349E9">
    <skipped/>
  </testcase> <!-- @BeforeMethod beforeTestForAdmin -->
  <testcase classname="ui.TestCases" name="@BeforeMethod beforeTestForPatient" time="-1.634054723349E9">
    <skipped/>
  </testcase> <!-- @BeforeMethod beforeTestForPatient -->
  <testcase classname="ui.TestCases" name="@AfterMethod afterEachTest" time="-1.634054723351E9">
    <skipped/>
  </testcase> <!-- @AfterMethod afterEachTest -->
  <testcase classname="ui.TestCases" name="@BeforeMethod beforeTestForAdmin" time="-1.634054723351E9">
    <skipped/>
  </testcase> <!-- @BeforeMethod beforeTestForAdmin -->
  <testcase classname="ui.TestCases" name="@BeforeMethod beforeTestForPatient" time="-1.634054723351E9">
    <skipped/>
  </testcase> <!-- @BeforeMethod beforeTestForPatient -->
  <testcase classname="ui.TestCases" name="@AfterMethod afterEachTest" time="-1.634054723353E9">
    <skipped/>
  </testcase> <!-- @AfterMethod afterEachTest -->
  <testcase classname="ui.TestCases" name="@BeforeMethod beforeTestForAdmin" time="-1.634054723354E9">
    <skipped/>
  </testcase> <!-- @BeforeMethod beforeTestForAdmin -->
  <testcase classname="ui.TestCases" name="@BeforeMethod beforeTestForPatient" time="-1.634054723354E9">
    <skipped/>
  </testcase> <!-- @BeforeMethod beforeTestForPatient -->
  <testcase classname="ui.TestCases" name="@AfterMethod afterEachTest" time="-1.634054723357E9">
    <skipped/>
  </testcase> <!-- @AfterMethod afterEachTest -->
  <testcase classname="ui.TestCases" name="@BeforeMethod beforeTestForAdmin" time="-1.634054723357E9">
    <skipped/>
  </testcase> <!-- @BeforeMethod beforeTestForAdmin -->
  <testcase classname="ui.TestCases" name="@BeforeMethod beforeTestForPatient" time="-1.634054723358E9">
    <skipped/>
  </testcase> <!-- @BeforeMethod beforeTestForPatient -->
  <testcase classname="ui.TestCases" name="@AfterMethod afterEachTest" time="-1.63405472336E9">
    <skipped/>
  </testcase> <!-- @AfterMethod afterEachTest -->
  <testcase classname="ui.TestCases" name="@BeforeMethod beforeTestForAdmin" time="-1.63405472336E9">
    <skipped/>
  </testcase> <!-- @BeforeMethod beforeTestForAdmin -->
  <testcase classname="ui.TestCases" name="@BeforeMethod beforeTestForPatient" time="-1.634054723361E9">
    <skipped/>
  </testcase> <!-- @BeforeMethod beforeTestForPatient -->
  <testcase classname="ui.TestCases" name="@AfterMethod afterEachTest" time="-1.634054723363E9">
    <skipped/>
  </testcase> <!-- @AfterMethod afterEachTest -->
  <testcase classname="ui.TestCases" name="@BeforeMethod beforeTestForAdmin" time="-1.634054723363E9">
    <skipped/>
  </testcase> <!-- @BeforeMethod beforeTestForAdmin -->
  <testcase classname="ui.TestCases" name="@BeforeMethod beforeTestForPatient" time="-1.634054723364E9">
    <skipped/>
  </testcase> <!-- @BeforeMethod beforeTestForPatient -->
  <testcase classname="ui.TestCases" name="@AfterMethod afterEachTest" time="-1.634054723365E9">
    <skipped/>
  </testcase> <!-- @AfterMethod afterEachTest -->
  <testcase classname="ui.TestCases" name="@BeforeMethod beforeTestForAdmin" time="-1.634054723366E9">
    <skipped/>
  </testcase> <!-- @BeforeMethod beforeTestForAdmin -->
  <testcase classname="ui.TestCases" name="@BeforeMethod beforeTestForPatient" time="-1.634054723366E9">
    <skipped/>
  </testcase> <!-- @BeforeMethod beforeTestForPatient -->
  <testcase classname="ui.TestCases" name="@AfterMethod afterEachTest" time="-1.634054723368E9">
    <skipped/>
  </testcase> <!-- @AfterMethod afterEachTest -->
  <testcase classname="ui.TestCases" name="@BeforeMethod beforeTestForAdmin" time="-1.634054723369E9">
    <skipped/>
  </testcase> <!-- @BeforeMethod beforeTestForAdmin -->
  <testcase classname="ui.TestCases" name="@BeforeMethod beforeTestForPatient" time="-1.634054723369E9">
    <skipped/>
  </testcase> <!-- @BeforeMethod beforeTestForPatient -->
  <testcase classname="ui.TestCases" name="@AfterMethod afterEachTest" time="-1.634054723371E9">
    <skipped/>
  </testcase> <!-- @AfterMethod afterEachTest -->
  <testcase classname="ui.TestCases" name="@BeforeMethod beforeTestForAdmin" time="-1.634054723371E9">
    <skipped/>
  </testcase> <!-- @BeforeMethod beforeTestForAdmin -->
  <testcase classname="ui.TestCases" name="@BeforeMethod beforeTestForPatient" time="-1.634054723372E9">
    <skipped/>
  </testcase> <!-- @BeforeMethod beforeTestForPatient -->
  <testcase classname="ui.TestCases" name="@AfterMethod afterEachTest" time="-1.634054723374E9">
    <skipped/>
  </testcase> <!-- @AfterMethod afterEachTest -->
  <testcase classname="ui.TestCases" name="@BeforeMethod beforeTestForAdmin" time="-1.634054723377E9">
    <skipped/>
  </testcase> <!-- @BeforeMethod beforeTestForAdmin -->
  <testcase classname="ui.TestCases" name="@BeforeMethod beforeTestForPatient" time="-1.634054723377E9">
    <skipped/>
  </testcase> <!-- @BeforeMethod beforeTestForPatient -->
  <testcase classname="ui.TestCases" name="@AfterMethod afterEachTest" time="-1.63405472338E9">
    <skipped/>
  </testcase> <!-- @AfterMethod afterEachTest -->
  <testcase classname="ui.TestCases" name="@BeforeMethod beforeTestForAdmin" time="-1.634054723381E9">
    <skipped/>
  </testcase> <!-- @BeforeMethod beforeTestForAdmin -->
  <testcase classname="ui.TestCases" name="@BeforeMethod beforeTestForPatient" time="-1.634054723382E9">
    <skipped/>
  </testcase> <!-- @BeforeMethod beforeTestForPatient -->
  <testcase classname="ui.TestCases" name="@AfterMethod afterEachTest" time="-1.634054723383E9">
    <skipped/>
  </testcase> <!-- @AfterMethod afterEachTest -->
  <testcase classname="ui.TestCases" name="@BeforeMethod beforeTestForAdmin" time="-1.634054723384E9">
    <skipped/>
  </testcase> <!-- @BeforeMethod beforeTestForAdmin -->
  <testcase classname="ui.TestCases" name="@BeforeMethod beforeTestForPatient" time="-1.634054723384E9">
    <skipped/>
  </testcase> <!-- @BeforeMethod beforeTestForPatient -->
  <testcase classname="ui.TestCases" name="@AfterMethod afterEachTest" time="-1.634054723386E9">
    <skipped/>
  </testcase> <!-- @AfterMethod afterEachTest -->
  <testcase classname="ui.TestCases" name="@BeforeMethod beforeTestForAdmin" time="-1.634054723386E9">
    <skipped/>
  </testcase> <!-- @BeforeMethod beforeTestForAdmin -->
  <testcase classname="ui.TestCases" name="@BeforeMethod beforeTestForPatient" time="-1.634054723387E9">
    <skipped/>
  </testcase> <!-- @BeforeMethod beforeTestForPatient -->
  <testcase classname="ui.TestCases" name="@AfterMethod afterEachTest" time="-1.634054723388E9">
    <skipped/>
  </testcase> <!-- @AfterMethod afterEachTest -->
  <testcase classname="ui.TestCases" name="@AfterTest end" time="-1.63405472339E9">
    <skipped/>
  </testcase> <!-- @AfterTest end -->
  <testcase classname="ui.TestCases" name="checkSessionPatient" time="0.0">
    <skipped/>
  </testcase> <!-- checkSessionPatient -->
  <testcase classname="ui.TestCases" name="checkPatientPagePositiveCase" time="0.0">
    <skipped/>
  </testcase> <!-- checkPatientPagePositiveCase -->
  <testcase classname="ui.TestCases" name="checkPatientPageNegativeCase" time="0.0">
    <skipped/>
  </testcase> <!-- checkPatientPageNegativeCase -->
  <testcase classname="ui.TestCases" name="checkPersonalInformationPagePositiveCase" time="0.0">
    <skipped/>
  </testcase> <!-- checkPersonalInformationPagePositiveCase -->
  <testcase classname="ui.TestCases" name="checkPersonalInformationPageNegativeCase" time="0.0">
    <skipped/>
  </testcase> <!-- checkPersonalInformationPageNegativeCase -->
  <testcase classname="ui.TestCases" name="checkEditPatientModalContentPositiveCase" time="0.0">
    <skipped/>
  </testcase> <!-- checkEditPatientModalContentPositiveCase -->
  <testcase classname="ui.TestCases" name="checkEditPatientModalContentNegativeCase" time="0.0">
    <skipped/>
  </testcase> <!-- checkEditPatientModalContentNegativeCase -->
  <testcase classname="ui.TestCases" name="checkEditPatientClickable" time="0.0">
    <skipped/>
  </testcase> <!-- checkEditPatientClickable -->
  <testcase classname="ui.TestCases" name="checkEditPatientInfomationPatternValidation" time="0.0">
    <skipped/>
  </testcase> <!-- checkEditPatientInfomationPatternValidation -->
  <testcase classname="ui.TestCases" name="checkEditPatientInformationIsFilledValidationWithSaveChangesNegativeCase" time="0.0">
    <skipped/>
  </testcase> <!-- checkEditPatientInformationIsFilledValidationWithSaveChangesNegativeCase -->
  <testcase classname="ui.TestCases" name="checkEditPatientSaveChangePositiveCase" time="0.0">
    <skipped/>
  </testcase> <!-- checkEditPatientSaveChangePositiveCase -->
  <testcase classname="ui.TestCases" name="checkNavigateToBookPage" time="0.0">
    <skipped/>
  </testcase> <!-- checkNavigateToBookPage -->
  <testcase classname="ui.TestCases" name="checkBookPageContent" time="0.0">
    <skipped/>
  </testcase> <!-- checkBookPageContent -->
  <testcase classname="ui.TestCases" name="checkSubmitBookSlotNegativeCase" time="0.0">
    <skipped/>
  </testcase> <!-- checkSubmitBookSlotNegativeCase -->
  <testcase classname="ui.TestCases" name="checkSubmitBookSlotPositiveCase" time="0.0">
    <skipped/>
  </testcase> <!-- checkSubmitBookSlotPositiveCase -->
  <testcase classname="ui.TestCases" name="checkSubmitBookSlotWithValidationNegativeCase" time="0.0">
    <skipped/>
  </testcase> <!-- checkSubmitBookSlotWithValidationNegativeCase -->
  <testcase classname="ui.TestCases" name="checkViewVaccinationContent" time="0.0">
    <skipped/>
  </testcase> <!-- checkViewVaccinationContent -->
  <testcase classname="ui.TestCases" name="checkEditScheduleContent" time="0.0">
    <skipped/>
  </testcase> <!-- checkEditScheduleContent -->
  <testcase classname="ui.TestCases" name="checkEditModalPositiveCase" time="0.0">
    <skipped/>
  </testcase> <!-- checkEditModalPositiveCase -->
  <testcase classname="ui.TestCases" name="checkEditModalWithValidationNegativeCase" time="0.0">
    <skipped/>
  </testcase> <!-- checkEditModalWithValidationNegativeCase -->
  <testcase classname="ui.TestCases" name="checkSessionAdmin" time="0.0">
    <skipped/>
  </testcase> <!-- checkSessionAdmin -->
  <testcase classname="ui.TestCases" name="checkAdminPagePositiveCase" time="0.0">
    <skipped/>
  </testcase> <!-- checkAdminPagePositiveCase -->
  <testcase classname="ui.TestCases" name="checkAdminPageNegativeCase" time="0.0">
    <skipped/>
  </testcase> <!-- checkAdminPageNegativeCase -->
  <testcase classname="ui.TestCases" name="checkAdminTab" time="0.0">
    <skipped/>
  </testcase> <!-- checkAdminTab -->
  <testcase classname="ui.TestCases" name="checkPatientTabContent" time="0.0">
    <skipped/>
  </testcase> <!-- checkPatientTabContent -->
  <testcase classname="ui.TestCases" name="checkDetailsIconClickable" time="0.0">
    <skipped/>
  </testcase> <!-- checkDetailsIconClickable -->
  <testcase classname="ui.TestCases" name="checkDetailsContentWithVaccCentre" time="0.0">
    <skipped/>
  </testcase> <!-- checkDetailsContentWithVaccCentre -->
  <testcase classname="ui.TestCases" name="checkEditIconeClickable" time="0.0">
    <skipped/>
  </testcase> <!-- checkEditIconeClickable -->
  <testcase classname="ui.TestCases" name="checkEditContent" time="0.0">
    <skipped/>
  </testcase> <!-- checkEditContent -->
  <testcase classname="ui.TestCases" name="checkEditInformationWithFilledPositiveCase" time="0.0">
    <skipped/>
  </testcase> <!-- checkEditInformationWithFilledPositiveCase -->
  <testcase classname="ui.TestCases" name="checkEditSchedulePositiveCase" time="0.0">
    <skipped/>
  </testcase> <!-- checkEditSchedulePositiveCase -->
  <testcase classname="ui.TestCases" name="checkEditInfomationWithValidationEmptyNegativeCase" time="0.0">
    <skipped/>
  </testcase> <!-- checkEditInfomationWithValidationEmptyNegativeCase -->
  <testcase classname="ui.TestCases" name="checkEditScheduleWithValidationNegativeCase" time="0.0">
    <skipped/>
  </testcase> <!-- checkEditScheduleWithValidationNegativeCase -->
  <testcase classname="ui.TestCases" name="checkEditInformationWithValidationDiffInputNegativeCase" time="0.0">
    <skipped/>
  </testcase> <!-- checkEditInformationWithValidationDiffInputNegativeCase -->
  <testcase classname="ui.TestCases" name="checkAddPatientClickable" time="0.0">
    <skipped/>
  </testcase> <!-- checkAddPatientClickable -->
  <testcase classname="ui.TestCases" name="checkAddPatientContent" time="0.0">
    <skipped/>
  </testcase> <!-- checkAddPatientContent -->
  <testcase classname="ui.TestCases" name="addPatientPositiveCase" time="0.0">
    <skipped/>
  </testcase> <!-- addPatientPositiveCase -->
  <testcase classname="ui.TestCases" name="addPatientExistingPatientNegativeCase" time="0.0">
    <skipped/>
  </testcase> <!-- addPatientExistingPatientNegativeCase -->
  <testcase classname="ui.TestCases" name="checkAddPatientPatternValidationNegativeCase" time="0.0">
    <skipped/>
  </testcase> <!-- checkAddPatientPatternValidationNegativeCase -->
  <testcase classname="ui.TestCases" name="checkAddPatientWithEmptyFieldNegativeCase" time="0.0">
    <skipped/>
  </testcase> <!-- checkAddPatientWithEmptyFieldNegativeCase -->
  <testcase classname="ui.TestCases" name="checkDeleteIconClickable" time="0.0">
    <skipped/>
  </testcase> <!-- checkDeleteIconClickable -->
  <testcase classname="ui.TestCases" name="checkDeleteContent" time="0.0">
    <skipped/>
  </testcase> <!-- checkDeleteContent -->
  <testcase classname="ui.TestCases" name="checkDelete" time="0.0">
    <skipped/>
  </testcase> <!-- checkDelete -->
</testsuite> <!-- Default test -->
