<?xml version="1.0" encoding="UTF-8"?>
<!-- Generated by org.testng.reporters.JUnitXMLReporter -->
<testsuite ignored="0" hostname="DESKTOP-CF5VJ3J" failures="0" tests="43" name="GRP-UI,admin" time="5.363" errors="0" timestamp="2021-10-12T21:58:37 SGT">
  <testcase classname="ui.TestCases" name="@BeforeMethod beforeTestForPatient" time="1.668">
    <failure type="org.openqa.selenium.NoSuchElementException" message="Cannot locate an element using xpath=//input[@name=&amp;apos;inputNric&amp;apos;]
For documentation on this error, please visit: https://www.seleniumhq.org/exceptions/no_such_element.html
Build info: version: &amp;apos;3.141.59&amp;apos;, revision: &amp;apos;e82be7d358&amp;apos;, time: &amp;apos;2018-11-14T08:25:48&amp;apos;
System info: host: &amp;apos;DESKTOP-CF5VJ3J&amp;apos;, ip: &amp;apos;192.168.1.237&amp;apos;, os.name: &amp;apos;Windows 10&amp;apos;, os.arch: &amp;apos;amd64&amp;apos;, os.version: &amp;apos;10.0&amp;apos;, java.version: &amp;apos;16.0.2&amp;apos;
Driver info: driver.version: RemoteWebDriver">
      <![CDATA[org.openqa.selenium.NoSuchElementException: Cannot locate an element using xpath=//input[@name='inputNric']
For documentation on this error, please visit: https://www.seleniumhq.org/exceptions/no_such_element.html
Build info: version: '3.141.59', revision: 'e82be7d358', time: '2018-11-14T08:25:48'
System info: host: 'DESKTOP-CF5VJ3J', ip: '192.168.1.237', os.name: 'Windows 10', os.arch: 'amd64', os.version: '10.0', java.version: '16.0.2'
Driver info: driver.version: RemoteWebDriver
at org.openqa.selenium.remote.RemoteWebDriver.findElement(RemoteWebDriver.java:327)
at org.openqa.selenium.remote.RemoteWebDriver.findElementByXPath(RemoteWebDriver.java:428)
at org.openqa.selenium.By$ByXPath.findElement(By.java:353)
at org.openqa.selenium.remote.RemoteWebDriver.findElement(RemoteWebDriver.java:315)
at ui.SignIn.signInUser(SignIn.java:11)
at ui.TestCases.beforeTestForPatient(TestCases.java:63)
at java.base/jdk.internal.reflect.NativeMethodAccessorImpl.invoke0(Native Method)
at java.base/jdk.internal.reflect.NativeMethodAccessorImpl.invoke(NativeMethodAccessorImpl.java:78)
at java.base/jdk.internal.reflect.DelegatingMethodAccessorImpl.invoke(DelegatingMethodAccessorImpl.java:43)
at java.base/java.lang.reflect.Method.invoke(Method.java:567)
at org.testng.internal.MethodInvocationHelper.invokeMethod(MethodInvocationHelper.java:133)
at org.testng.internal.MethodInvocationHelper.invokeMethodConsideringTimeout(MethodInvocationHelper.java:62)
at org.testng.internal.ConfigInvoker.invokeConfigurationMethod(ConfigInvoker.java:385)
at org.testng.internal.ConfigInvoker.invokeConfigurations(ConfigInvoker.java:321)
at org.testng.internal.TestInvoker.runConfigMethods(TestInvoker.java:700)
at org.testng.internal.TestInvoker.invokeMethod(TestInvoker.java:527)
at org.testng.internal.TestInvoker.invokeTestMethod(TestInvoker.java:173)
at org.testng.internal.MethodRunner.runInSequence(MethodRunner.java:46)
at org.testng.internal.TestInvoker$MethodInvocationAgent.invoke(TestInvoker.java:824)
at org.testng.internal.TestInvoker.invokeTestMethods(TestInvoker.java:146)
at org.testng.internal.TestMethodWorker.invokeTestMethods(TestMethodWorker.java:146)
at org.testng.internal.TestMethodWorker.run(TestMethodWorker.java:128)
at java.base/java.util.ArrayList.forEach(ArrayList.java:1511)
at org.testng.TestRunner.privateRun(TestRunner.java:794)
at org.testng.TestRunner.run(TestRunner.java:596)
at org.testng.SuiteRunner.runTest(SuiteRunner.java:377)
at org.testng.SuiteRunner.runSequentially(SuiteRunner.java:371)
at org.testng.SuiteRunner.privateRun(SuiteRunner.java:332)
at org.testng.SuiteRunner.run(SuiteRunner.java:276)
at org.testng.SuiteRunnerWorker.runSuite(SuiteRunnerWorker.java:53)
at org.testng.SuiteRunnerWorker.run(SuiteRunnerWorker.java:96)
at org.testng.TestNG.runSuitesSequentially(TestNG.java:1212)
at org.testng.TestNG.runSuitesLocally(TestNG.java:1134)
at org.testng.TestNG.runSuites(TestNG.java:1063)
at org.testng.TestNG.run(TestNG.java:1031)
at org.testng.remote.AbstractRemoteTestNG.run(AbstractRemoteTestNG.java:115)
at org.testng.remote.RemoteTestNG.initAndRun(RemoteTestNG.java:251)
at org.testng.remote.RemoteTestNG.main(RemoteTestNG.java:77)
]]>
    </failure>
  </testcase> <!-- @BeforeMethod beforeTestForPatient -->
  <testcase classname="ui.TestCases" name="@AfterMethod afterEachTest" time="-1.634047117453E9">
    <skipped/>
  </testcase> <!-- @AfterMethod afterEachTest -->
  <testcase classname="ui.TestCases" name="@BeforeMethod beforeTestForAdmin" time="-1.634047117458E9">
    <skipped/>
  </testcase> <!-- @BeforeMethod beforeTestForAdmin -->
  <testcase classname="ui.TestCases" name="@BeforeMethod beforeTestForPatient" time="-1.63404711746E9">
    <skipped/>
  </testcase> <!-- @BeforeMethod beforeTestForPatient -->
  <testcase classname="ui.TestCases" name="@AfterMethod afterEachTest" time="-1.634047117464E9">
    <skipped/>
  </testcase> <!-- @AfterMethod afterEachTest -->
  <testcase classname="ui.TestCases" name="@BeforeMethod beforeTestForAdmin" time="-1.634047117467E9">
    <skipped/>
  </testcase> <!-- @BeforeMethod beforeTestForAdmin -->
  <testcase classname="ui.TestCases" name="@BeforeMethod beforeTestForPatient" time="-1.634047117469E9">
    <skipped/>
  </testcase> <!-- @BeforeMethod beforeTestForPatient -->
  <testcase classname="ui.TestCases" name="@AfterMethod afterEachTest" time="-1.634047117476E9">
    <skipped/>
  </testcase> <!-- @AfterMethod afterEachTest -->
  <testcase classname="ui.TestCases" name="@BeforeMethod beforeTestForAdmin" time="-1.634047117478E9">
    <skipped/>
  </testcase> <!-- @BeforeMethod beforeTestForAdmin -->
  <testcase classname="ui.TestCases" name="@BeforeMethod beforeTestForPatient" time="-1.634047117479E9">
    <skipped/>
  </testcase> <!-- @BeforeMethod beforeTestForPatient -->
  <testcase classname="ui.TestCases" name="@AfterMethod afterEachTest" time="-1.634047117485E9">
    <skipped/>
  </testcase> <!-- @AfterMethod afterEachTest -->
  <testcase classname="ui.TestCases" name="@BeforeMethod beforeTestForAdmin" time="-1.634047117488E9">
    <skipped/>
  </testcase> <!-- @BeforeMethod beforeTestForAdmin -->
  <testcase classname="ui.TestCases" name="@BeforeMethod beforeTestForPatient" time="-1.634047117489E9">
    <skipped/>
  </testcase> <!-- @BeforeMethod beforeTestForPatient -->
  <testcase classname="ui.TestCases" name="@AfterMethod afterEachTest" time="-1.634047117495E9">
    <skipped/>
  </testcase> <!-- @AfterMethod afterEachTest -->
  <testcase classname="ui.TestCases" name="@BeforeMethod beforeTestForAdmin" time="-1.634047117497E9">
    <skipped/>
  </testcase> <!-- @BeforeMethod beforeTestForAdmin -->
  <testcase classname="ui.TestCases" name="@BeforeMethod beforeTestForPatient" time="-1.634047117498E9">
    <skipped/>
  </testcase> <!-- @BeforeMethod beforeTestForPatient -->
  <testcase classname="ui.TestCases" name="@AfterMethod afterEachTest" time="-1.634047117503E9">
    <skipped/>
  </testcase> <!-- @AfterMethod afterEachTest -->
  <testcase classname="ui.TestCases" name="@BeforeMethod beforeTestForAdmin" time="-1.634047117505E9">
    <skipped/>
  </testcase> <!-- @BeforeMethod beforeTestForAdmin -->
  <testcase classname="ui.TestCases" name="@BeforeMethod beforeTestForPatient" time="-1.634047117505E9">
    <skipped/>
  </testcase> <!-- @BeforeMethod beforeTestForPatient -->
  <testcase classname="ui.TestCases" name="@AfterMethod afterEachTest" time="-1.634047117509E9">
    <skipped/>
  </testcase> <!-- @AfterMethod afterEachTest -->
  <testcase classname="ui.TestCases" name="@BeforeMethod beforeTestForAdmin" time="-1.63404711751E9">
    <skipped/>
  </testcase> <!-- @BeforeMethod beforeTestForAdmin -->
  <testcase classname="ui.TestCases" name="@BeforeMethod beforeTestForPatient" time="-1.63404711751E9">
    <skipped/>
  </testcase> <!-- @BeforeMethod beforeTestForPatient -->
  <testcase classname="ui.TestCases" name="@AfterMethod afterEachTest" time="-1.634047117514E9">
    <skipped/>
  </testcase> <!-- @AfterMethod afterEachTest -->
  <testcase classname="ui.TestCases" name="@BeforeMethod beforeTestForAdmin" time="-1.634047117515E9">
    <skipped/>
  </testcase> <!-- @BeforeMethod beforeTestForAdmin -->
  <testcase classname="ui.TestCases" name="@BeforeMethod beforeTestForPatient" time="-1.634047117516E9">
    <skipped/>
  </testcase> <!-- @BeforeMethod beforeTestForPatient -->
  <testcase classname="ui.TestCases" name="@AfterMethod afterEachTest" time="-1.634047117521E9">
    <skipped/>
  </testcase> <!-- @AfterMethod afterEachTest -->
  <testcase classname="ui.TestCases" name="@BeforeMethod beforeTestForAdmin" time="-1.634047117522E9">
    <skipped/>
  </testcase> <!-- @BeforeMethod beforeTestForAdmin -->
  <testcase classname="ui.TestCases" name="@BeforeMethod beforeTestForPatient" time="-1.634047117523E9">
    <skipped/>
  </testcase> <!-- @BeforeMethod beforeTestForPatient -->
  <testcase classname="ui.TestCases" name="@AfterMethod afterEachTest" time="-1.634047117526E9">
    <skipped/>
  </testcase> <!-- @AfterMethod afterEachTest -->
  <testcase classname="ui.TestCases" name="@BeforeMethod beforeTestForAdmin" time="-1.634047117527E9">
    <skipped/>
  </testcase> <!-- @BeforeMethod beforeTestForAdmin -->
  <testcase classname="ui.TestCases" name="@BeforeMethod beforeTestForPatient" time="-1.634047117527E9">
    <skipped/>
  </testcase> <!-- @BeforeMethod beforeTestForPatient -->
  <testcase classname="ui.TestCases" name="@AfterMethod afterEachTest" time="-1.634047117531E9">
    <skipped/>
  </testcase> <!-- @AfterMethod afterEachTest -->
  <testcase classname="ui.TestCases" name="@BeforeMethod beforeTestForAdmin" time="-1.634047117532E9">
    <skipped/>
  </testcase> <!-- @BeforeMethod beforeTestForAdmin -->
  <testcase classname="ui.TestCases" name="@BeforeMethod beforeTestForPatient" time="-1.634047117533E9">
    <skipped/>
  </testcase> <!-- @BeforeMethod beforeTestForPatient -->
  <testcase classname="ui.TestCases" name="@AfterMethod afterEachTest" time="-1.634047117538E9">
    <skipped/>
  </testcase> <!-- @AfterMethod afterEachTest -->
  <testcase classname="ui.TestCases" name="@BeforeMethod beforeTestForAdmin" time="-1.634047117539E9">
    <skipped/>
  </testcase> <!-- @BeforeMethod beforeTestForAdmin -->
  <testcase classname="ui.TestCases" name="@BeforeMethod beforeTestForPatient" time="-1.63404711754E9">
    <skipped/>
  </testcase> <!-- @BeforeMethod beforeTestForPatient -->
  <testcase classname="ui.TestCases" name="@AfterMethod afterEachTest" time="-1.634047117543E9">
    <skipped/>
  </testcase> <!-- @AfterMethod afterEachTest -->
  <testcase classname="ui.TestCases" name="@BeforeMethod beforeTestForAdmin" time="-1.634047117544E9">
    <skipped/>
  </testcase> <!-- @BeforeMethod beforeTestForAdmin -->
  <testcase classname="ui.TestCases" name="@BeforeMethod beforeTestForPatient" time="-1.634047117545E9">
    <skipped/>
  </testcase> <!-- @BeforeMethod beforeTestForPatient -->
  <testcase classname="ui.TestCases" name="@AfterMethod afterEachTest" time="-1.634047117547E9">
    <skipped/>
  </testcase> <!-- @AfterMethod afterEachTest -->
  <testcase classname="ui.TestCases" name="@BeforeMethod beforeTestForAdmin" time="-1.634047117549E9">
    <skipped/>
  </testcase> <!-- @BeforeMethod beforeTestForAdmin -->
  <testcase classname="ui.TestCases" name="@BeforeMethod beforeTestForPatient" time="-1.63404711755E9">
    <skipped/>
  </testcase> <!-- @BeforeMethod beforeTestForPatient -->
  <testcase classname="ui.TestCases" name="@AfterMethod afterEachTest" time="-1.634047117555E9">
    <skipped/>
  </testcase> <!-- @AfterMethod afterEachTest -->
  <testcase classname="ui.TestCases" name="@BeforeMethod beforeTestForAdmin" time="-1.634047117556E9">
    <skipped/>
  </testcase> <!-- @BeforeMethod beforeTestForAdmin -->
  <testcase classname="ui.TestCases" name="@BeforeMethod beforeTestForPatient" time="-1.634047117557E9">
    <skipped/>
  </testcase> <!-- @BeforeMethod beforeTestForPatient -->
  <testcase classname="ui.TestCases" name="@AfterMethod afterEachTest" time="-1.634047117561E9">
    <skipped/>
  </testcase> <!-- @AfterMethod afterEachTest -->
  <testcase classname="ui.TestCases" name="@BeforeMethod beforeTestForAdmin" time="-1.634047117562E9">
    <skipped/>
  </testcase> <!-- @BeforeMethod beforeTestForAdmin -->
  <testcase classname="ui.TestCases" name="@BeforeMethod beforeTestForPatient" time="-1.634047117563E9">
    <skipped/>
  </testcase> <!-- @BeforeMethod beforeTestForPatient -->
  <testcase classname="ui.TestCases" name="@AfterMethod afterEachTest" time="-1.634047117568E9">
    <skipped/>
  </testcase> <!-- @AfterMethod afterEachTest -->
  <testcase classname="ui.TestCases" name="@BeforeMethod beforeTestForAdmin" time="-1.63404711757E9">
    <skipped/>
  </testcase> <!-- @BeforeMethod beforeTestForAdmin -->
  <testcase classname="ui.TestCases" name="@BeforeMethod beforeTestForPatient" time="-1.634047117571E9">
    <skipped/>
  </testcase> <!-- @BeforeMethod beforeTestForPatient -->
  <testcase classname="ui.TestCases" name="@AfterMethod afterEachTest" time="-1.634047117575E9">
    <skipped/>
  </testcase> <!-- @AfterMethod afterEachTest -->
  <testcase classname="ui.TestCases" name="@BeforeMethod beforeTestForAdmin" time="-1.634047117576E9">
    <skipped/>
  </testcase> <!-- @BeforeMethod beforeTestForAdmin -->
  <testcase classname="ui.TestCases" name="@BeforeMethod beforeTestForPatient" time="-1.634047117577E9">
    <skipped/>
  </testcase> <!-- @BeforeMethod beforeTestForPatient -->
  <testcase classname="ui.TestCases" name="@AfterMethod afterEachTest" time="-1.63404711758E9">
    <skipped/>
  </testcase> <!-- @AfterMethod afterEachTest -->
  <testcase classname="ui.TestCases" name="@BeforeMethod beforeTestForAdmin" time="-1.634047117581E9">
    <skipped/>
  </testcase> <!-- @BeforeMethod beforeTestForAdmin -->
  <testcase classname="ui.TestCases" name="@BeforeMethod beforeTestForPatient" time="-1.634047117582E9">
    <skipped/>
  </testcase> <!-- @BeforeMethod beforeTestForPatient -->
  <testcase classname="ui.TestCases" name="@AfterMethod afterEachTest" time="-1.634047117585E9">
    <skipped/>
  </testcase> <!-- @AfterMethod afterEachTest -->
  <testcase classname="ui.TestCases" name="@BeforeMethod beforeTestForAdmin" time="-1.634047117587E9">
    <skipped/>
  </testcase> <!-- @BeforeMethod beforeTestForAdmin -->
  <testcase classname="ui.TestCases" name="@BeforeMethod beforeTestForPatient" time="-1.634047117588E9">
    <skipped/>
  </testcase> <!-- @BeforeMethod beforeTestForPatient -->
  <testcase classname="ui.TestCases" name="@AfterMethod afterEachTest" time="-1.63404711759E9">
    <skipped/>
  </testcase> <!-- @AfterMethod afterEachTest -->
  <testcase classname="ui.TestCases" name="@BeforeMethod beforeTestForAdmin" time="-1.634047117591E9">
    <skipped/>
  </testcase> <!-- @BeforeMethod beforeTestForAdmin -->
  <testcase classname="ui.TestCases" name="@BeforeMethod beforeTestForPatient" time="-1.634047117591E9">
    <skipped/>
  </testcase> <!-- @BeforeMethod beforeTestForPatient -->
  <testcase classname="ui.TestCases" name="@AfterMethod afterEachTest" time="-1.634047117594E9">
    <skipped/>
  </testcase> <!-- @AfterMethod afterEachTest -->
  <testcase classname="ui.TestCases" name="@BeforeMethod beforeTestForAdmin" time="-1.634047117597E9">
    <skipped/>
  </testcase> <!-- @BeforeMethod beforeTestForAdmin -->
  <testcase classname="ui.TestCases" name="@BeforeMethod beforeTestForPatient" time="-1.634047117598E9">
    <skipped/>
  </testcase> <!-- @BeforeMethod beforeTestForPatient -->
  <testcase classname="ui.TestCases" name="@AfterMethod afterEachTest" time="-1.634047117602E9">
    <skipped/>
  </testcase> <!-- @AfterMethod afterEachTest -->
  <testcase classname="ui.TestCases" name="@BeforeMethod beforeTestForAdmin" time="-1.634047117603E9">
    <skipped/>
  </testcase> <!-- @BeforeMethod beforeTestForAdmin -->
  <testcase classname="ui.TestCases" name="@BeforeMethod beforeTestForPatient" time="-1.634047117604E9">
    <skipped/>
  </testcase> <!-- @BeforeMethod beforeTestForPatient -->
  <testcase classname="ui.TestCases" name="@AfterMethod afterEachTest" time="-1.634047117606E9">
    <skipped/>
  </testcase> <!-- @AfterMethod afterEachTest -->
  <testcase classname="ui.TestCases" name="@BeforeMethod beforeTestForAdmin" time="-1.634047117606E9">
    <skipped/>
  </testcase> <!-- @BeforeMethod beforeTestForAdmin -->
  <testcase classname="ui.TestCases" name="@BeforeMethod beforeTestForPatient" time="-1.634047117607E9">
    <skipped/>
  </testcase> <!-- @BeforeMethod beforeTestForPatient -->
  <testcase classname="ui.TestCases" name="@AfterMethod afterEachTest" time="-1.634047117609E9">
    <skipped/>
  </testcase> <!-- @AfterMethod afterEachTest -->
  <testcase classname="ui.TestCases" name="@BeforeMethod beforeTestForAdmin" time="-1.63404711761E9">
    <skipped/>
  </testcase> <!-- @BeforeMethod beforeTestForAdmin -->
  <testcase classname="ui.TestCases" name="@BeforeMethod beforeTestForPatient" time="-1.63404711761E9">
    <skipped/>
  </testcase> <!-- @BeforeMethod beforeTestForPatient -->
  <testcase classname="ui.TestCases" name="@AfterMethod afterEachTest" time="-1.634047117612E9">
    <skipped/>
  </testcase> <!-- @AfterMethod afterEachTest -->
  <testcase classname="ui.TestCases" name="@BeforeMethod beforeTestForAdmin" time="-1.634047117613E9">
    <skipped/>
  </testcase> <!-- @BeforeMethod beforeTestForAdmin -->
  <testcase classname="ui.TestCases" name="@BeforeMethod beforeTestForPatient" time="-1.634047117614E9">
    <skipped/>
  </testcase> <!-- @BeforeMethod beforeTestForPatient -->
  <testcase classname="ui.TestCases" name="@AfterMethod afterEachTest" time="-1.634047117616E9">
    <skipped/>
  </testcase> <!-- @AfterMethod afterEachTest -->
  <testcase classname="ui.TestCases" name="@BeforeMethod beforeTestForAdmin" time="-1.634047117617E9">
    <skipped/>
  </testcase> <!-- @BeforeMethod beforeTestForAdmin -->
  <testcase classname="ui.TestCases" name="@BeforeMethod beforeTestForPatient" time="-1.634047117618E9">
    <skipped/>
  </testcase> <!-- @BeforeMethod beforeTestForPatient -->
  <testcase classname="ui.TestCases" name="@AfterMethod afterEachTest" time="-1.63404711762E9">
    <skipped/>
  </testcase> <!-- @AfterMethod afterEachTest -->
  <testcase classname="ui.TestCases" name="@BeforeMethod beforeTestForAdmin" time="-1.634047117621E9">
    <skipped/>
  </testcase> <!-- @BeforeMethod beforeTestForAdmin -->
  <testcase classname="ui.TestCases" name="@BeforeMethod beforeTestForPatient" time="-1.634047117621E9">
    <skipped/>
  </testcase> <!-- @BeforeMethod beforeTestForPatient -->
  <testcase classname="ui.TestCases" name="@AfterMethod afterEachTest" time="-1.634047117623E9">
    <skipped/>
  </testcase> <!-- @AfterMethod afterEachTest -->
  <testcase classname="ui.TestCases" name="@BeforeMethod beforeTestForAdmin" time="-1.634047117624E9">
    <skipped/>
  </testcase> <!-- @BeforeMethod beforeTestForAdmin -->
  <testcase classname="ui.TestCases" name="@BeforeMethod beforeTestForPatient" time="-1.634047117624E9">
    <skipped/>
  </testcase> <!-- @BeforeMethod beforeTestForPatient -->
  <testcase classname="ui.TestCases" name="@AfterMethod afterEachTest" time="-1.634047117626E9">
    <skipped/>
  </testcase> <!-- @AfterMethod afterEachTest -->
  <testcase classname="ui.TestCases" name="@BeforeMethod beforeTestForAdmin" time="-1.634047117627E9">
    <skipped/>
  </testcase> <!-- @BeforeMethod beforeTestForAdmin -->
  <testcase classname="ui.TestCases" name="@BeforeMethod beforeTestForPatient" time="-1.634047117627E9">
    <skipped/>
  </testcase> <!-- @BeforeMethod beforeTestForPatient -->
  <testcase classname="ui.TestCases" name="@AfterMethod afterEachTest" time="-1.63404711763E9">
    <skipped/>
  </testcase> <!-- @AfterMethod afterEachTest -->
  <testcase classname="ui.TestCases" name="@BeforeMethod beforeTestForAdmin" time="-1.634047117631E9">
    <skipped/>
  </testcase> <!-- @BeforeMethod beforeTestForAdmin -->
  <testcase classname="ui.TestCases" name="@BeforeMethod beforeTestForPatient" time="-1.634047117632E9">
    <skipped/>
  </testcase> <!-- @BeforeMethod beforeTestForPatient -->
  <testcase classname="ui.TestCases" name="@AfterMethod afterEachTest" time="-1.634047117635E9">
    <skipped/>
  </testcase> <!-- @AfterMethod afterEachTest -->
  <testcase classname="ui.TestCases" name="@BeforeMethod beforeTestForAdmin" time="-1.634047117636E9">
    <skipped/>
  </testcase> <!-- @BeforeMethod beforeTestForAdmin -->
  <testcase classname="ui.TestCases" name="@BeforeMethod beforeTestForPatient" time="-1.634047117636E9">
    <skipped/>
  </testcase> <!-- @BeforeMethod beforeTestForPatient -->
  <testcase classname="ui.TestCases" name="@AfterMethod afterEachTest" time="-1.634047117639E9">
    <skipped/>
  </testcase> <!-- @AfterMethod afterEachTest -->
  <testcase classname="ui.TestCases" name="@BeforeMethod beforeTestForAdmin" time="-1.63404711764E9">
    <skipped/>
  </testcase> <!-- @BeforeMethod beforeTestForAdmin -->
  <testcase classname="ui.TestCases" name="@BeforeMethod beforeTestForPatient" time="-1.63404711764E9">
    <skipped/>
  </testcase> <!-- @BeforeMethod beforeTestForPatient -->
  <testcase classname="ui.TestCases" name="@AfterMethod afterEachTest" time="-1.634047117642E9">
    <skipped/>
  </testcase> <!-- @AfterMethod afterEachTest -->
  <testcase classname="ui.TestCases" name="@BeforeMethod beforeTestForAdmin" time="-1.634047117643E9">
    <skipped/>
  </testcase> <!-- @BeforeMethod beforeTestForAdmin -->
  <testcase classname="ui.TestCases" name="@BeforeMethod beforeTestForPatient" time="-1.634047117643E9">
    <skipped/>
  </testcase> <!-- @BeforeMethod beforeTestForPatient -->
  <testcase classname="ui.TestCases" name="@AfterMethod afterEachTest" time="-1.634047117645E9">
    <skipped/>
  </testcase> <!-- @AfterMethod afterEachTest -->
  <testcase classname="ui.TestCases" name="@BeforeMethod beforeTestForAdmin" time="-1.634047117645E9">
    <skipped/>
  </testcase> <!-- @BeforeMethod beforeTestForAdmin -->
  <testcase classname="ui.TestCases" name="@BeforeMethod beforeTestForPatient" time="-1.634047117646E9">
    <skipped/>
  </testcase> <!-- @BeforeMethod beforeTestForPatient -->
  <testcase classname="ui.TestCases" name="@AfterMethod afterEachTest" time="-1.634047117647E9">
    <skipped/>
  </testcase> <!-- @AfterMethod afterEachTest -->
  <testcase classname="ui.TestCases" name="@BeforeMethod beforeTestForAdmin" time="-1.634047117648E9">
    <skipped/>
  </testcase> <!-- @BeforeMethod beforeTestForAdmin -->
  <testcase classname="ui.TestCases" name="@BeforeMethod beforeTestForPatient" time="-1.634047117648E9">
    <skipped/>
  </testcase> <!-- @BeforeMethod beforeTestForPatient -->
  <testcase classname="ui.TestCases" name="@AfterMethod afterEachTest" time="-1.634047117651E9">
    <skipped/>
  </testcase> <!-- @AfterMethod afterEachTest -->
  <testcase classname="ui.TestCases" name="@BeforeMethod beforeTestForAdmin" time="-1.634047117651E9">
    <skipped/>
  </testcase> <!-- @BeforeMethod beforeTestForAdmin -->
  <testcase classname="ui.TestCases" name="@BeforeMethod beforeTestForPatient" time="-1.634047117652E9">
    <skipped/>
  </testcase> <!-- @BeforeMethod beforeTestForPatient -->
  <testcase classname="ui.TestCases" name="@AfterMethod afterEachTest" time="-1.634047117654E9">
    <skipped/>
  </testcase> <!-- @AfterMethod afterEachTest -->
  <testcase classname="ui.TestCases" name="@BeforeMethod beforeTestForAdmin" time="-1.634047117655E9">
    <skipped/>
  </testcase> <!-- @BeforeMethod beforeTestForAdmin -->
  <testcase classname="ui.TestCases" name="@BeforeMethod beforeTestForPatient" time="-1.634047117656E9">
    <skipped/>
  </testcase> <!-- @BeforeMethod beforeTestForPatient -->
  <testcase classname="ui.TestCases" name="@AfterMethod afterEachTest" time="-1.634047117658E9">
    <skipped/>
  </testcase> <!-- @AfterMethod afterEachTest -->
  <testcase classname="ui.TestCases" name="@BeforeMethod beforeTestForAdmin" time="-1.634047117659E9">
    <skipped/>
  </testcase> <!-- @BeforeMethod beforeTestForAdmin -->
  <testcase classname="ui.TestCases" name="@BeforeMethod beforeTestForPatient" time="-1.63404711766E9">
    <skipped/>
  </testcase> <!-- @BeforeMethod beforeTestForPatient -->
  <testcase classname="ui.TestCases" name="@AfterMethod afterEachTest" time="-1.634047117662E9">
    <skipped/>
  </testcase> <!-- @AfterMethod afterEachTest -->
  <testcase classname="ui.TestCases" name="@BeforeMethod beforeTestForAdmin" time="-1.634047117663E9">
    <skipped/>
  </testcase> <!-- @BeforeMethod beforeTestForAdmin -->
  <testcase classname="ui.TestCases" name="@BeforeMethod beforeTestForPatient" time="-1.634047117663E9">
    <skipped/>
  </testcase> <!-- @BeforeMethod beforeTestForPatient -->
  <testcase classname="ui.TestCases" name="@AfterMethod afterEachTest" time="-1.634047117666E9">
    <skipped/>
  </testcase> <!-- @AfterMethod afterEachTest -->
  <testcase classname="ui.TestCases" name="@BeforeMethod beforeTestForAdmin" time="-1.634047117666E9">
    <skipped/>
  </testcase> <!-- @BeforeMethod beforeTestForAdmin -->
  <testcase classname="ui.TestCases" name="@BeforeMethod beforeTestForPatient" time="-1.634047117667E9">
    <skipped/>
  </testcase> <!-- @BeforeMethod beforeTestForPatient -->
  <testcase classname="ui.TestCases" name="@AfterMethod afterEachTest" time="-1.634047117668E9">
    <skipped/>
  </testcase> <!-- @AfterMethod afterEachTest -->
  <testcase classname="ui.TestCases" name="@AfterTest end" time="-1.634047117671E9">
    <skipped/>
  </testcase> <!-- @AfterTest end -->
  <testcase classname="ui.TestCases" name="checkSessionPatient" time="0.0">
    <skipped/>
  </testcase> <!-- checkSessionPatient -->
  <testcase classname="ui.TestCases" name="checkPatientPagePositiveCase" time="0.0">
    <skipped/>
  </testcase> <!-- checkPatientPagePositiveCase -->
  <testcase classname="ui.TestCases" name="checkPatientPageNegativeCase" time="0.001">
    <skipped/>
  </testcase> <!-- checkPatientPageNegativeCase -->
  <testcase classname="ui.TestCases" name="checkPersonalInformationPagePositiveCase" time="0.0">
    <skipped/>
  </testcase> <!-- checkPersonalInformationPagePositiveCase -->
  <testcase classname="ui.TestCases" name="checkPersonalInformationPageNegativeCase" time="0.0">
    <skipped/>
  </testcase> <!-- checkPersonalInformationPageNegativeCase -->
  <testcase classname="ui.TestCases" name="checkEditPatientModalContentPositiveCase" time="0.0">
    <skipped/>
  </testcase> <!-- checkEditPatientModalContentPositiveCase -->
  <testcase classname="ui.TestCases" name="checkEditPatientModalContentNegativeCase" time="0.0">
    <skipped/>
  </testcase> <!-- checkEditPatientModalContentNegativeCase -->
  <testcase classname="ui.TestCases" name="checkEditPatientClickable" time="0.0">
    <skipped/>
  </testcase> <!-- checkEditPatientClickable -->
  <testcase classname="ui.TestCases" name="checkEditPatientInfomationPatternValidation" time="0.0">
    <skipped/>
  </testcase> <!-- checkEditPatientInfomationPatternValidation -->
  <testcase classname="ui.TestCases" name="checkEditPatientInformationIsFilledValidationWithSaveChangesNegativeCase" time="0.0">
    <skipped/>
  </testcase> <!-- checkEditPatientInformationIsFilledValidationWithSaveChangesNegativeCase -->
  <testcase classname="ui.TestCases" name="checkEditPatientSaveChangePositiveCase" time="0.0">
    <skipped/>
  </testcase> <!-- checkEditPatientSaveChangePositiveCase -->
  <testcase classname="ui.TestCases" name="checkNavigateToBookPage" time="0.0">
    <skipped/>
  </testcase> <!-- checkNavigateToBookPage -->
  <testcase classname="ui.TestCases" name="checkBookPageContent" time="0.0">
    <skipped/>
  </testcase> <!-- checkBookPageContent -->
  <testcase classname="ui.TestCases" name="checkSubmitBookSlotNegativeCase" time="0.0">
    <skipped/>
  </testcase> <!-- checkSubmitBookSlotNegativeCase -->
  <testcase classname="ui.TestCases" name="checkSubmitBookSlotPositiveCase" time="0.0">
    <skipped/>
  </testcase> <!-- checkSubmitBookSlotPositiveCase -->
  <testcase classname="ui.TestCases" name="checkSubmitBookSlotWithValidationNegativeCase" time="0.0">
    <skipped/>
  </testcase> <!-- checkSubmitBookSlotWithValidationNegativeCase -->
  <testcase classname="ui.TestCases" name="checkViewVaccinationContent" time="0.0">
    <skipped/>
  </testcase> <!-- checkViewVaccinationContent -->
  <testcase classname="ui.TestCases" name="checkEditScheduleContent" time="0.0">
    <skipped/>
  </testcase> <!-- checkEditScheduleContent -->
  <testcase classname="ui.TestCases" name="checkEditModalPositiveCase" time="0.0">
    <skipped/>
  </testcase> <!-- checkEditModalPositiveCase -->
  <testcase classname="ui.TestCases" name="checkEditModalWithValidationNegativeCase" time="0.0">
    <skipped/>
  </testcase> <!-- checkEditModalWithValidationNegativeCase -->
  <testcase classname="ui.TestCases" name="checkSessionAdmin" time="0.0">
    <skipped/>
  </testcase> <!-- checkSessionAdmin -->
  <testcase classname="ui.TestCases" name="checkAdminPagePositiveCase" time="0.0">
    <skipped/>
  </testcase> <!-- checkAdminPagePositiveCase -->
  <testcase classname="ui.TestCases" name="checkAdminPageNegativeCase" time="0.0">
    <skipped/>
  </testcase> <!-- checkAdminPageNegativeCase -->
  <testcase classname="ui.TestCases" name="checkAdminTab" time="0.0">
    <skipped/>
  </testcase> <!-- checkAdminTab -->
  <testcase classname="ui.TestCases" name="checkPatientTabContent" time="0.0">
    <skipped/>
  </testcase> <!-- checkPatientTabContent -->
  <testcase classname="ui.TestCases" name="checkDetailsIconClickable" time="0.0">
    <skipped/>
  </testcase> <!-- checkDetailsIconClickable -->
  <testcase classname="ui.TestCases" name="checkDetailsContentWithVaccCentre" time="0.0">
    <skipped/>
  </testcase> <!-- checkDetailsContentWithVaccCentre -->
  <testcase classname="ui.TestCases" name="checkEditIconeClickable" time="0.0">
    <skipped/>
  </testcase> <!-- checkEditIconeClickable -->
  <testcase classname="ui.TestCases" name="checkEditContent" time="0.0">
    <skipped/>
  </testcase> <!-- checkEditContent -->
  <testcase classname="ui.TestCases" name="checkEditInformationWithFilledPositiveCase" time="0.0">
    <skipped/>
  </testcase> <!-- checkEditInformationWithFilledPositiveCase -->
  <testcase classname="ui.TestCases" name="checkEditSchedulePositiveCase" time="0.0">
    <skipped/>
  </testcase> <!-- checkEditSchedulePositiveCase -->
  <testcase classname="ui.TestCases" name="checkEditInfomationWithValidationEmptyNegativeCase" time="0.0">
    <skipped/>
  </testcase> <!-- checkEditInfomationWithValidationEmptyNegativeCase -->
  <testcase classname="ui.TestCases" name="checkEditScheduleWithValidationNegativeCase" time="0.0">
    <skipped/>
  </testcase> <!-- checkEditScheduleWithValidationNegativeCase -->
  <testcase classname="ui.TestCases" name="checkEditInformationWithValidationDiffInputNegativeCase" time="0.0">
    <skipped/>
  </testcase> <!-- checkEditInformationWithValidationDiffInputNegativeCase -->
  <testcase classname="ui.TestCases" name="checkAddPatientClickable" time="0.0">
    <skipped/>
  </testcase> <!-- checkAddPatientClickable -->
  <testcase classname="ui.TestCases" name="checkAddPatientContent" time="0.0">
    <skipped/>
  </testcase> <!-- checkAddPatientContent -->
  <testcase classname="ui.TestCases" name="addPatientPositiveCase" time="0.0">
    <skipped/>
  </testcase> <!-- addPatientPositiveCase -->
  <testcase classname="ui.TestCases" name="addPatientExistingPatientNegativeCase" time="0.0">
    <skipped/>
  </testcase> <!-- addPatientExistingPatientNegativeCase -->
  <testcase classname="ui.TestCases" name="checkAddPatientPatternValidationNegativeCase" time="0.0">
    <skipped/>
  </testcase> <!-- checkAddPatientPatternValidationNegativeCase -->
  <testcase classname="ui.TestCases" name="checkAddPatientWithEmptyFieldNegativeCase" time="0.0">
    <skipped/>
  </testcase> <!-- checkAddPatientWithEmptyFieldNegativeCase -->
  <testcase classname="ui.TestCases" name="checkDeleteIconClickable" time="0.0">
    <skipped/>
  </testcase> <!-- checkDeleteIconClickable -->
  <testcase classname="ui.TestCases" name="checkDeleteContent" time="0.0">
    <skipped/>
  </testcase> <!-- checkDeleteContent -->
  <testcase classname="ui.TestCases" name="checkDelete" time="0.0">
    <skipped/>
  </testcase> <!-- checkDelete -->
</testsuite> <!-- GRP-UI,admin -->
