<?xml version="1.0" encoding="UTF-8"?>
<!-- Generated by org.testng.reporters.JUnitXMLReporter -->
<testsuite ignored="0" hostname="DESKTOP-CF5VJ3J" failures="0" tests="43" name="GRP-UI,patient" time="3.996" errors="0" timestamp="2021-10-13T11:10:28 SGT">
  <testcase classname="ui.TestCases" name="@BeforeTest initialize" time="3.834">
    <failure type="java.lang.NullPointerException" message="Cannot invoke &amp;quot;ui.User.getId()&amp;quot; because &amp;quot;this.user&amp;quot; is null">
      <![CDATA[java.lang.NullPointerException: Cannot invoke "ui.User.getId()" because "this.user" is null
at ui.TestCases.initialize(TestCases.java:61)
at java.base/jdk.internal.reflect.NativeMethodAccessorImpl.invoke0(Native Method)
at java.base/jdk.internal.reflect.NativeMethodAccessorImpl.invoke(NativeMethodAccessorImpl.java:78)
at java.base/jdk.internal.reflect.DelegatingMethodAccessorImpl.invoke(DelegatingMethodAccessorImpl.java:43)
at java.base/java.lang.reflect.Method.invoke(Method.java:567)
at org.testng.internal.MethodInvocationHelper.invokeMethod(MethodInvocationHelper.java:133)
at org.testng.internal.MethodInvocationHelper.invokeMethodConsideringTimeout(MethodInvocationHelper.java:62)
at org.testng.internal.ConfigInvoker.invokeConfigurationMethod(ConfigInvoker.java:385)
at org.testng.internal.ConfigInvoker.invokeConfigurations(ConfigInvoker.java:321)
at org.testng.TestRunner.invokeTestConfigurations(TestRunner.java:637)
at org.testng.TestRunner.beforeRun(TestRunner.java:627)
at org.testng.TestRunner.run(TestRunner.java:589)
at org.testng.SuiteRunner.runTest(SuiteRunner.java:377)
at org.testng.SuiteRunner.runSequentially(SuiteRunner.java:371)
at org.testng.SuiteRunner.privateRun(SuiteRunner.java:332)
at org.testng.SuiteRunner.run(SuiteRunner.java:276)
at org.testng.SuiteRunnerWorker.runSuite(SuiteRunnerWorker.java:53)
at org.testng.SuiteRunnerWorker.run(SuiteRunnerWorker.java:96)
at org.testng.TestNG.runSuitesSequentially(TestNG.java:1212)
at org.testng.TestNG.runSuitesLocally(TestNG.java:1134)
at org.testng.TestNG.runSuites(TestNG.java:1063)
at org.testng.TestNG.run(TestNG.java:1031)
at org.testng.remote.AbstractRemoteTestNG.run(AbstractRemoteTestNG.java:115)
at org.testng.remote.RemoteTestNG.initAndRun(RemoteTestNG.java:251)
at org.testng.remote.RemoteTestNG.main(RemoteTestNG.java:77)
]]>
    </failure>
  </testcase> <!-- @BeforeTest initialize -->
  <testcase classname="ui.TestCases" name="@BeforeGroups beforeTestForPatient" time="-1.634094628298E9">
    <skipped/>
  </testcase> <!-- @BeforeGroups beforeTestForPatient -->
  <testcase classname="ui.TestCases" name="@BeforeMethod beforeTestForAdmin" time="-1.634094628299E9">
    <skipped/>
  </testcase> <!-- @BeforeMethod beforeTestForAdmin -->
  <testcase classname="ui.TestCases" name="@AfterMethod afterEachTest" time="-1.634094628303E9">
    <skipped/>
  </testcase> <!-- @AfterMethod afterEachTest -->
  <testcase classname="ui.TestCases" name="@BeforeMethod beforeTestForAdmin" time="-1.634094628306E9">
    <skipped/>
  </testcase> <!-- @BeforeMethod beforeTestForAdmin -->
  <testcase classname="ui.TestCases" name="@AfterMethod afterEachTest" time="-1.634094628308E9">
    <skipped/>
  </testcase> <!-- @AfterMethod afterEachTest -->
  <testcase classname="ui.TestCases" name="@BeforeMethod beforeTestForAdmin" time="-1.634094628309E9">
    <skipped/>
  </testcase> <!-- @BeforeMethod beforeTestForAdmin -->
  <testcase classname="ui.TestCases" name="@AfterMethod afterEachTest" time="-1.634094628312E9">
    <skipped/>
  </testcase> <!-- @AfterMethod afterEachTest -->
  <testcase classname="ui.TestCases" name="@BeforeMethod beforeTestForAdmin" time="-1.634094628313E9">
    <skipped/>
  </testcase> <!-- @BeforeMethod beforeTestForAdmin -->
  <testcase classname="ui.TestCases" name="@AfterMethod afterEachTest" time="-1.634094628315E9">
    <skipped/>
  </testcase> <!-- @AfterMethod afterEachTest -->
  <testcase classname="ui.TestCases" name="@BeforeMethod beforeTestForAdmin" time="-1.634094628317E9">
    <skipped/>
  </testcase> <!-- @BeforeMethod beforeTestForAdmin -->
  <testcase classname="ui.TestCases" name="@AfterMethod afterEachTest" time="-1.634094628319E9">
    <skipped/>
  </testcase> <!-- @AfterMethod afterEachTest -->
  <testcase classname="ui.TestCases" name="@BeforeMethod beforeTestForAdmin" time="-1.63409462832E9">
    <skipped/>
  </testcase> <!-- @BeforeMethod beforeTestForAdmin -->
  <testcase classname="ui.TestCases" name="@AfterMethod afterEachTest" time="-1.634094628323E9">
    <skipped/>
  </testcase> <!-- @AfterMethod afterEachTest -->
  <testcase classname="ui.TestCases" name="@BeforeMethod beforeTestForAdmin" time="-1.634094628324E9">
    <skipped/>
  </testcase> <!-- @BeforeMethod beforeTestForAdmin -->
  <testcase classname="ui.TestCases" name="@AfterMethod afterEachTest" time="-1.634094628327E9">
    <skipped/>
  </testcase> <!-- @AfterMethod afterEachTest -->
  <testcase classname="ui.TestCases" name="@BeforeMethod beforeTestForAdmin" time="-1.634094628328E9">
    <skipped/>
  </testcase> <!-- @BeforeMethod beforeTestForAdmin -->
  <testcase classname="ui.TestCases" name="@AfterMethod afterEachTest" time="-1.63409462833E9">
    <skipped/>
  </testcase> <!-- @AfterMethod afterEachTest -->
  <testcase classname="ui.TestCases" name="@BeforeMethod beforeTestForAdmin" time="-1.634094628331E9">
    <skipped/>
  </testcase> <!-- @BeforeMethod beforeTestForAdmin -->
  <testcase classname="ui.TestCases" name="@AfterMethod afterEachTest" time="-1.634094628333E9">
    <skipped/>
  </testcase> <!-- @AfterMethod afterEachTest -->
  <testcase classname="ui.TestCases" name="@BeforeMethod beforeTestForAdmin" time="-1.634094628334E9">
    <skipped/>
  </testcase> <!-- @BeforeMethod beforeTestForAdmin -->
  <testcase classname="ui.TestCases" name="@AfterMethod afterEachTest" time="-1.634094628336E9">
    <skipped/>
  </testcase> <!-- @AfterMethod afterEachTest -->
  <testcase classname="ui.TestCases" name="@BeforeMethod beforeTestForAdmin" time="-1.634094628337E9">
    <skipped/>
  </testcase> <!-- @BeforeMethod beforeTestForAdmin -->
  <testcase classname="ui.TestCases" name="@AfterMethod afterEachTest" time="-1.634094628339E9">
    <skipped/>
  </testcase> <!-- @AfterMethod afterEachTest -->
  <testcase classname="ui.TestCases" name="@BeforeMethod beforeTestForAdmin" time="-1.63409462834E9">
    <skipped/>
  </testcase> <!-- @BeforeMethod beforeTestForAdmin -->
  <testcase classname="ui.TestCases" name="@AfterMethod afterEachTest" time="-1.634094628342E9">
    <skipped/>
  </testcase> <!-- @AfterMethod afterEachTest -->
  <testcase classname="ui.TestCases" name="@BeforeMethod beforeTestForAdmin" time="-1.634094628343E9">
    <skipped/>
  </testcase> <!-- @BeforeMethod beforeTestForAdmin -->
  <testcase classname="ui.TestCases" name="@AfterMethod afterEachTest" time="-1.634094628345E9">
    <skipped/>
  </testcase> <!-- @AfterMethod afterEachTest -->
  <testcase classname="ui.TestCases" name="@BeforeMethod beforeTestForAdmin" time="-1.634094628346E9">
    <skipped/>
  </testcase> <!-- @BeforeMethod beforeTestForAdmin -->
  <testcase classname="ui.TestCases" name="@AfterMethod afterEachTest" time="-1.634094628347E9">
    <skipped/>
  </testcase> <!-- @AfterMethod afterEachTest -->
  <testcase classname="ui.TestCases" name="@BeforeMethod beforeTestForAdmin" time="-1.634094628348E9">
    <skipped/>
  </testcase> <!-- @BeforeMethod beforeTestForAdmin -->
  <testcase classname="ui.TestCases" name="@AfterMethod afterEachTest" time="-1.63409462835E9">
    <skipped/>
  </testcase> <!-- @AfterMethod afterEachTest -->
  <testcase classname="ui.TestCases" name="@BeforeMethod beforeTestForAdmin" time="-1.634094628351E9">
    <skipped/>
  </testcase> <!-- @BeforeMethod beforeTestForAdmin -->
  <testcase classname="ui.TestCases" name="@AfterMethod afterEachTest" time="-1.634094628353E9">
    <skipped/>
  </testcase> <!-- @AfterMethod afterEachTest -->
  <testcase classname="ui.TestCases" name="@BeforeMethod beforeTestForAdmin" time="-1.634094628354E9">
    <skipped/>
  </testcase> <!-- @BeforeMethod beforeTestForAdmin -->
  <testcase classname="ui.TestCases" name="@AfterMethod afterEachTest" time="-1.634094628357E9">
    <skipped/>
  </testcase> <!-- @AfterMethod afterEachTest -->
  <testcase classname="ui.TestCases" name="@BeforeMethod beforeTestForAdmin" time="-1.634094628358E9">
    <skipped/>
  </testcase> <!-- @BeforeMethod beforeTestForAdmin -->
  <testcase classname="ui.TestCases" name="@AfterMethod afterEachTest" time="-1.63409462836E9">
    <skipped/>
  </testcase> <!-- @AfterMethod afterEachTest -->
  <testcase classname="ui.TestCases" name="@BeforeMethod beforeTestForAdmin" time="-1.634094628361E9">
    <skipped/>
  </testcase> <!-- @BeforeMethod beforeTestForAdmin -->
  <testcase classname="ui.TestCases" name="@AfterMethod afterEachTest" time="-1.634094628363E9">
    <skipped/>
  </testcase> <!-- @AfterMethod afterEachTest -->
  <testcase classname="ui.TestCases" name="@BeforeMethod beforeTestForAdmin" time="-1.634094628364E9">
    <skipped/>
  </testcase> <!-- @BeforeMethod beforeTestForAdmin -->
  <testcase classname="ui.TestCases" name="@AfterMethod afterEachTest" time="-1.634094628365E9">
    <skipped/>
  </testcase> <!-- @AfterMethod afterEachTest -->
  <testcase classname="ui.TestCases" name="@BeforeMethod beforeTestForAdmin" time="-1.634094628367E9">
    <skipped/>
  </testcase> <!-- @BeforeMethod beforeTestForAdmin -->
  <testcase classname="ui.TestCases" name="@AfterMethod afterEachTest" time="-1.634094628369E9">
    <skipped/>
  </testcase> <!-- @AfterMethod afterEachTest -->
  <testcase classname="ui.TestCases" name="@BeforeMethod beforeTestForAdmin" time="-1.63409462837E9">
    <skipped/>
  </testcase> <!-- @BeforeMethod beforeTestForAdmin -->
  <testcase classname="ui.TestCases" name="@AfterMethod afterEachTest" time="-1.634094628372E9">
    <skipped/>
  </testcase> <!-- @AfterMethod afterEachTest -->
  <testcase classname="ui.TestCases" name="@BeforeMethod beforeTestForAdmin" time="-1.634094628374E9">
    <skipped/>
  </testcase> <!-- @BeforeMethod beforeTestForAdmin -->
  <testcase classname="ui.TestCases" name="@AfterMethod afterEachTest" time="-1.634094628376E9">
    <skipped/>
  </testcase> <!-- @AfterMethod afterEachTest -->
  <testcase classname="ui.TestCases" name="@BeforeMethod beforeTestForAdmin" time="-1.634094628377E9">
    <skipped/>
  </testcase> <!-- @BeforeMethod beforeTestForAdmin -->
  <testcase classname="ui.TestCases" name="@AfterMethod afterEachTest" time="-1.634094628379E9">
    <skipped/>
  </testcase> <!-- @AfterMethod afterEachTest -->
  <testcase classname="ui.TestCases" name="@BeforeMethod beforeTestForAdmin" time="-1.63409462838E9">
    <skipped/>
  </testcase> <!-- @BeforeMethod beforeTestForAdmin -->
  <testcase classname="ui.TestCases" name="@AfterMethod afterEachTest" time="-1.634094628381E9">
    <skipped/>
  </testcase> <!-- @AfterMethod afterEachTest -->
  <testcase classname="ui.TestCases" name="@BeforeMethod beforeTestForAdmin" time="-1.634094628381E9">
    <skipped/>
  </testcase> <!-- @BeforeMethod beforeTestForAdmin -->
  <testcase classname="ui.TestCases" name="@AfterMethod afterEachTest" time="-1.634094628383E9">
    <skipped/>
  </testcase> <!-- @AfterMethod afterEachTest -->
  <testcase classname="ui.TestCases" name="@BeforeMethod beforeTestForAdmin" time="-1.634094628384E9">
    <skipped/>
  </testcase> <!-- @BeforeMethod beforeTestForAdmin -->
  <testcase classname="ui.TestCases" name="@AfterMethod afterEachTest" time="-1.634094628386E9">
    <skipped/>
  </testcase> <!-- @AfterMethod afterEachTest -->
  <testcase classname="ui.TestCases" name="@BeforeMethod beforeTestForAdmin" time="-1.634094628387E9">
    <skipped/>
  </testcase> <!-- @BeforeMethod beforeTestForAdmin -->
  <testcase classname="ui.TestCases" name="@AfterMethod afterEachTest" time="-1.634094628388E9">
    <skipped/>
  </testcase> <!-- @AfterMethod afterEachTest -->
  <testcase classname="ui.TestCases" name="@BeforeMethod beforeTestForAdmin" time="-1.634094628389E9">
    <skipped/>
  </testcase> <!-- @BeforeMethod beforeTestForAdmin -->
  <testcase classname="ui.TestCases" name="@AfterMethod afterEachTest" time="-1.634094628391E9">
    <skipped/>
  </testcase> <!-- @AfterMethod afterEachTest -->
  <testcase classname="ui.TestCases" name="@BeforeMethod beforeTestForAdmin" time="-1.634094628392E9">
    <skipped/>
  </testcase> <!-- @BeforeMethod beforeTestForAdmin -->
  <testcase classname="ui.TestCases" name="@AfterMethod afterEachTest" time="-1.634094628393E9">
    <skipped/>
  </testcase> <!-- @AfterMethod afterEachTest -->
  <testcase classname="ui.TestCases" name="@BeforeMethod beforeTestForAdmin" time="-1.634094628394E9">
    <skipped/>
  </testcase> <!-- @BeforeMethod beforeTestForAdmin -->
  <testcase classname="ui.TestCases" name="@AfterMethod afterEachTest" time="-1.634094628396E9">
    <skipped/>
  </testcase> <!-- @AfterMethod afterEachTest -->
  <testcase classname="ui.TestCases" name="@BeforeMethod beforeTestForAdmin" time="-1.634094628397E9">
    <skipped/>
  </testcase> <!-- @BeforeMethod beforeTestForAdmin -->
  <testcase classname="ui.TestCases" name="@AfterMethod afterEachTest" time="-1.634094628398E9">
    <skipped/>
  </testcase> <!-- @AfterMethod afterEachTest -->
  <testcase classname="ui.TestCases" name="@BeforeMethod beforeTestForAdmin" time="-1.634094628399E9">
    <skipped/>
  </testcase> <!-- @BeforeMethod beforeTestForAdmin -->
  <testcase classname="ui.TestCases" name="@AfterMethod afterEachTest" time="-1.6340946284E9">
    <skipped/>
  </testcase> <!-- @AfterMethod afterEachTest -->
  <testcase classname="ui.TestCases" name="@BeforeMethod beforeTestForAdmin" time="-1.634094628401E9">
    <skipped/>
  </testcase> <!-- @BeforeMethod beforeTestForAdmin -->
  <testcase classname="ui.TestCases" name="@AfterMethod afterEachTest" time="-1.634094628402E9">
    <skipped/>
  </testcase> <!-- @AfterMethod afterEachTest -->
  <testcase classname="ui.TestCases" name="@BeforeMethod beforeTestForAdmin" time="-1.634094628403E9">
    <skipped/>
  </testcase> <!-- @BeforeMethod beforeTestForAdmin -->
  <testcase classname="ui.TestCases" name="@AfterMethod afterEachTest" time="-1.634094628409E9">
    <skipped/>
  </testcase> <!-- @AfterMethod afterEachTest -->
  <testcase classname="ui.TestCases" name="@BeforeMethod beforeTestForAdmin" time="-1.63409462841E9">
    <skipped/>
  </testcase> <!-- @BeforeMethod beforeTestForAdmin -->
  <testcase classname="ui.TestCases" name="@AfterMethod afterEachTest" time="-1.634094628412E9">
    <skipped/>
  </testcase> <!-- @AfterMethod afterEachTest -->
  <testcase classname="ui.TestCases" name="@BeforeMethod beforeTestForAdmin" time="-1.634094628412E9">
    <skipped/>
  </testcase> <!-- @BeforeMethod beforeTestForAdmin -->
  <testcase classname="ui.TestCases" name="@AfterMethod afterEachTest" time="-1.634094628413E9">
    <skipped/>
  </testcase> <!-- @AfterMethod afterEachTest -->
  <testcase classname="ui.TestCases" name="@BeforeMethod beforeTestForAdmin" time="-1.634094628416E9">
    <skipped/>
  </testcase> <!-- @BeforeMethod beforeTestForAdmin -->
  <testcase classname="ui.TestCases" name="@AfterMethod afterEachTest" time="-1.634094628417E9">
    <skipped/>
  </testcase> <!-- @AfterMethod afterEachTest -->
  <testcase classname="ui.TestCases" name="@BeforeMethod beforeTestForAdmin" time="-1.634094628418E9">
    <skipped/>
  </testcase> <!-- @BeforeMethod beforeTestForAdmin -->
  <testcase classname="ui.TestCases" name="@AfterMethod afterEachTest" time="-1.634094628419E9">
    <skipped/>
  </testcase> <!-- @AfterMethod afterEachTest -->
  <testcase classname="ui.TestCases" name="@BeforeMethod beforeTestForAdmin" time="-1.63409462842E9">
    <skipped/>
  </testcase> <!-- @BeforeMethod beforeTestForAdmin -->
  <testcase classname="ui.TestCases" name="@AfterMethod afterEachTest" time="-1.634094628421E9">
    <skipped/>
  </testcase> <!-- @AfterMethod afterEachTest -->
  <testcase classname="ui.TestCases" name="@BeforeMethod beforeTestForAdmin" time="-1.634094628422E9">
    <skipped/>
  </testcase> <!-- @BeforeMethod beforeTestForAdmin -->
  <testcase classname="ui.TestCases" name="@AfterMethod afterEachTest" time="-1.634094628423E9">
    <skipped/>
  </testcase> <!-- @AfterMethod afterEachTest -->
  <testcase classname="ui.TestCases" name="@AfterTest end" time="-1.634094628425E9">
    <skipped/>
  </testcase> <!-- @AfterTest end -->
  <testcase classname="ui.TestCases" name="checkSessionPatient" time="0.0">
    <skipped/>
  </testcase> <!-- checkSessionPatient -->
  <testcase classname="ui.TestCases" name="checkPatientPagePositiveCase" time="0.0">
    <skipped/>
  </testcase> <!-- checkPatientPagePositiveCase -->
  <testcase classname="ui.TestCases" name="checkPatientPageNegativeCase" time="0.0">
    <skipped/>
  </testcase> <!-- checkPatientPageNegativeCase -->
  <testcase classname="ui.TestCases" name="checkPersonalInformationPagePositiveCase" time="0.0">
    <skipped/>
  </testcase> <!-- checkPersonalInformationPagePositiveCase -->
  <testcase classname="ui.TestCases" name="checkPersonalInformationPageNegativeCase" time="0.0">
    <skipped/>
  </testcase> <!-- checkPersonalInformationPageNegativeCase -->
  <testcase classname="ui.TestCases" name="checkEditPatientModalContentPositiveCase" time="0.0">
    <skipped/>
  </testcase> <!-- checkEditPatientModalContentPositiveCase -->
  <testcase classname="ui.TestCases" name="checkEditPatientModalContentNegativeCase" time="0.0">
    <skipped/>
  </testcase> <!-- checkEditPatientModalContentNegativeCase -->
  <testcase classname="ui.TestCases" name="checkEditPatientClickable" time="0.0">
    <skipped/>
  </testcase> <!-- checkEditPatientClickable -->
  <testcase classname="ui.TestCases" name="checkEditPatientInfomationPatternValidation" time="0.0">
    <skipped/>
  </testcase> <!-- checkEditPatientInfomationPatternValidation -->
  <testcase classname="ui.TestCases" name="checkEditPatientInformationIsFilledValidationWithSaveChangesNegativeCase" time="0.0">
    <skipped/>
  </testcase> <!-- checkEditPatientInformationIsFilledValidationWithSaveChangesNegativeCase -->
  <testcase classname="ui.TestCases" name="checkEditPatientSaveChangePositiveCase" time="0.0">
    <skipped/>
  </testcase> <!-- checkEditPatientSaveChangePositiveCase -->
  <testcase classname="ui.TestCases" name="checkNavigateToBookPage" time="0.0">
    <skipped/>
  </testcase> <!-- checkNavigateToBookPage -->
  <testcase classname="ui.TestCases" name="checkBookPageContent" time="0.001">
    <skipped/>
  </testcase> <!-- checkBookPageContent -->
  <testcase classname="ui.TestCases" name="checkSubmitBookSlotNegativeCase" time="0.0">
    <skipped/>
  </testcase> <!-- checkSubmitBookSlotNegativeCase -->
  <testcase classname="ui.TestCases" name="checkSubmitBookSlotPositiveCase" time="0.0">
    <skipped/>
  </testcase> <!-- checkSubmitBookSlotPositiveCase -->
  <testcase classname="ui.TestCases" name="checkSubmitBookSlotWithValidationNegativeCase" time="0.0">
    <skipped/>
  </testcase> <!-- checkSubmitBookSlotWithValidationNegativeCase -->
  <testcase classname="ui.TestCases" name="checkViewVaccinationContent" time="0.0">
    <skipped/>
  </testcase> <!-- checkViewVaccinationContent -->
  <testcase classname="ui.TestCases" name="checkEditScheduleContent" time="0.0">
    <skipped/>
  </testcase> <!-- checkEditScheduleContent -->
  <testcase classname="ui.TestCases" name="checkEditModalPositiveCase" time="0.0">
    <skipped/>
  </testcase> <!-- checkEditModalPositiveCase -->
  <testcase classname="ui.TestCases" name="checkEditModalWithValidationNegativeCase" time="0.0">
    <skipped/>
  </testcase> <!-- checkEditModalWithValidationNegativeCase -->
  <testcase classname="ui.TestCases" name="checkSessionAdmin" time="0.0">
    <skipped/>
  </testcase> <!-- checkSessionAdmin -->
  <testcase classname="ui.TestCases" name="checkAdminPagePositiveCase" time="0.0">
    <skipped/>
  </testcase> <!-- checkAdminPagePositiveCase -->
  <testcase classname="ui.TestCases" name="checkAdminPageNegativeCase" time="0.0">
    <skipped/>
  </testcase> <!-- checkAdminPageNegativeCase -->
  <testcase classname="ui.TestCases" name="checkAdminTab" time="0.0">
    <skipped/>
  </testcase> <!-- checkAdminTab -->
  <testcase classname="ui.TestCases" name="checkPatientTabContent" time="0.0">
    <skipped/>
  </testcase> <!-- checkPatientTabContent -->
  <testcase classname="ui.TestCases" name="checkDetailsIconClickable" time="0.0">
    <skipped/>
  </testcase> <!-- checkDetailsIconClickable -->
  <testcase classname="ui.TestCases" name="checkDetailsContentWithVaccCentre" time="0.0">
    <skipped/>
  </testcase> <!-- checkDetailsContentWithVaccCentre -->
  <testcase classname="ui.TestCases" name="checkEditIconeClickable" time="0.0">
    <skipped/>
  </testcase> <!-- checkEditIconeClickable -->
  <testcase classname="ui.TestCases" name="checkEditContent" time="0.0">
    <skipped/>
  </testcase> <!-- checkEditContent -->
  <testcase classname="ui.TestCases" name="checkEditInformationWithFilledPositiveCase" time="0.0">
    <skipped/>
  </testcase> <!-- checkEditInformationWithFilledPositiveCase -->
  <testcase classname="ui.TestCases" name="checkEditSchedulePositiveCase" time="0.0">
    <skipped/>
  </testcase> <!-- checkEditSchedulePositiveCase -->
  <testcase classname="ui.TestCases" name="checkEditInfomationWithValidationEmptyNegativeCase" time="0.0">
    <skipped/>
  </testcase> <!-- checkEditInfomationWithValidationEmptyNegativeCase -->
  <testcase classname="ui.TestCases" name="checkEditScheduleWithValidationNegativeCase" time="0.0">
    <skipped/>
  </testcase> <!-- checkEditScheduleWithValidationNegativeCase -->
  <testcase classname="ui.TestCases" name="checkEditInformationWithValidationDiffInputNegativeCase" time="0.0">
    <skipped/>
  </testcase> <!-- checkEditInformationWithValidationDiffInputNegativeCase -->
  <testcase classname="ui.TestCases" name="checkAddPatientClickable" time="0.0">
    <skipped/>
  </testcase> <!-- checkAddPatientClickable -->
  <testcase classname="ui.TestCases" name="checkAddPatientContent" time="0.0">
    <skipped/>
  </testcase> <!-- checkAddPatientContent -->
  <testcase classname="ui.TestCases" name="addPatientPositiveCase" time="0.0">
    <skipped/>
  </testcase> <!-- addPatientPositiveCase -->
  <testcase classname="ui.TestCases" name="addPatientExistingPatientNegativeCase" time="0.0">
    <skipped/>
  </testcase> <!-- addPatientExistingPatientNegativeCase -->
  <testcase classname="ui.TestCases" name="checkAddPatientPatternValidationNegativeCase" time="0.0">
    <skipped/>
  </testcase> <!-- checkAddPatientPatternValidationNegativeCase -->
  <testcase classname="ui.TestCases" name="checkAddPatientWithEmptyFieldNegativeCase" time="0.0">
    <skipped/>
  </testcase> <!-- checkAddPatientWithEmptyFieldNegativeCase -->
  <testcase classname="ui.TestCases" name="checkDeleteIconClickable" time="0.0">
    <skipped/>
  </testcase> <!-- checkDeleteIconClickable -->
  <testcase classname="ui.TestCases" name="checkDeleteContent" time="0.0">
    <skipped/>
  </testcase> <!-- checkDeleteContent -->
  <testcase classname="ui.TestCases" name="checkDelete" time="0.0">
    <skipped/>
  </testcase> <!-- checkDelete -->
</testsuite> <!-- GRP-UI,patient -->
