<?xml version="1.0" encoding="UTF-8"?>
<!-- Generated by org.testng.reporters.JUnitXMLReporter -->
<testsuite ignored="20" hostname="DESKTOP-CF5VJ3J" failures="0" tests="23" name="Admin" time="208.954" errors="0" timestamp="2021-10-13T21:26:11 SGT">
  <testcase classname="ui.TestCases" name="checkSessionAdmin" time="2.07"/>
  <testcase classname="ui.TestCases" name="checkAdminPagePositiveCase" time="1.033"/>
  <testcase classname="ui.TestCases" name="checkAdminPageNegativeCase" time="1.042"/>
  <testcase classname="ui.TestCases" name="checkAdminTab" time="6.611"/>
  <testcase classname="ui.TestCases" name="checkPatientTabContent" time="8.376"/>
  <testcase classname="ui.TestCases" name="checkDetailsIconClickable" time="2.208"/>
  <testcase classname="ui.TestCases" name="checkDetailsContentWithVaccCentre" time="5.011"/>
  <testcase classname="ui.TestCases" name="checkEditIconeClickable" time="2.273"/>
  <testcase classname="ui.TestCases" name="checkEditContent" time="4.711"/>
  <testcase classname="ui.TestCases" name="checkEditInformationWithFilledPositiveCase" time="24.297"/>
  <testcase classname="ui.TestCases" name="checkEditSchedulePositiveCase" time="18.688"/>
  <testcase classname="ui.TestCases" name="checkEditInfomationWithValidationEmptyNegativeCase" time="10.134"/>
  <testcase classname="ui.TestCases" name="checkEditScheduleWithValidationNegativeCase" time="12.064"/>
  <testcase classname="ui.TestCases" name="checkEditInformationWithValidationDiffInputNegativeCase" time="11.381"/>
  <testcase classname="ui.TestCases" name="checkAddPatientClickable" time="3.225"/>
  <testcase classname="ui.TestCases" name="checkAddPatientContent" time="4.556"/>
  <testcase classname="ui.TestCases" name="addPatientPositiveCase" time="7.796"/>
  <testcase classname="ui.TestCases" name="addPatientExistingPatientNegativeCase" time="10.87"/>
  <testcase classname="ui.TestCases" name="checkAddPatientPatternValidationNegativeCase" time="10.287"/>
  <testcase classname="ui.TestCases" name="checkAddPatientWithEmptyFieldNegativeCase" time="9.791"/>
  <testcase classname="ui.TestCases" name="checkDeleteIconClickable" time="4.225"/>
  <testcase classname="ui.TestCases" name="checkDeleteContent" time="5.348"/>
  <testcase classname="ui.TestCases" name="checkDelete" time="14.653"/>
  <testcase classname="ui.TestCases" name="checkSessionPatient" time="0.0">
    <ignored/>
  </testcase> <!-- checkSessionPatient -->
  <testcase classname="ui.TestCases" name="checkEditPatientModalContentPositiveCase" time="0.0">
    <ignored/>
  </testcase> <!-- checkEditPatientModalContentPositiveCase -->
  <testcase classname="ui.TestCases" name="checkEditModalWithValidationNegativeCase" time="0.0">
    <ignored/>
  </testcase> <!-- checkEditModalWithValidationNegativeCase -->
  <testcase classname="ui.TestCases" name="checkPersonalInformationPageNegativeCase" time="0.0">
    <ignored/>
  </testcase> <!-- checkPersonalInformationPageNegativeCase -->
  <testcase classname="ui.TestCases" name="checkNavigateToBookPage" time="0.0">
    <ignored/>
  </testcase> <!-- checkNavigateToBookPage -->
  <testcase classname="ui.TestCases" name="checkSubmitBookSlotNegativeCase" time="0.0">
    <ignored/>
  </testcase> <!-- checkSubmitBookSlotNegativeCase -->
  <testcase classname="ui.TestCases" name="checkSubmitBookSlotWithValidationNegativeCase" time="0.0">
    <ignored/>
  </testcase> <!-- checkSubmitBookSlotWithValidationNegativeCase -->
  <testcase classname="ui.TestCases" name="checkEditPatientModalContentNegativeCase" time="0.0">
    <ignored/>
  </testcase> <!-- checkEditPatientModalContentNegativeCase -->
  <testcase classname="ui.TestCases" name="checkEditPatientSaveChangePositiveCase" time="0.0">
    <ignored/>
  </testcase> <!-- checkEditPatientSaveChangePositiveCase -->
  <testcase classname="ui.TestCases" name="checkEditPatientInfomationPatternValidation" time="0.0">
    <ignored/>
  </testcase> <!-- checkEditPatientInfomationPatternValidation -->
  <testcase classname="ui.TestCases" name="checkPatientPageNegativeCase" time="0.0">
    <ignored/>
  </testcase> <!-- checkPatientPageNegativeCase -->
  <testcase classname="ui.TestCases" name="checkPersonalInformationPagePositiveCase" time="0.0">
    <ignored/>
  </testcase> <!-- checkPersonalInformationPagePositiveCase -->
  <testcase classname="ui.TestCases" name="checkPatientPagePositiveCase" time="0.0">
    <ignored/>
  </testcase> <!-- checkPatientPagePositiveCase -->
  <testcase classname="ui.TestCases" name="checkEditModalPositiveCase" time="0.0">
    <ignored/>
  </testcase> <!-- checkEditModalPositiveCase -->
  <testcase classname="ui.TestCases" name="checkSubmitBookSlotPositiveCase" time="0.0">
    <ignored/>
  </testcase> <!-- checkSubmitBookSlotPositiveCase -->
  <testcase classname="ui.TestCases" name="checkEditPatientInformationIsFilledValidationWithSaveChangesNegativeCase" time="0.0">
    <ignored/>
  </testcase> <!-- checkEditPatientInformationIsFilledValidationWithSaveChangesNegativeCase -->
  <testcase classname="ui.TestCases" name="checkViewVaccinationContent" time="0.0">
    <ignored/>
  </testcase> <!-- checkViewVaccinationContent -->
  <testcase classname="ui.TestCases" name="checkEditPatientClickable" time="0.0">
    <ignored/>
  </testcase> <!-- checkEditPatientClickable -->
  <testcase classname="ui.TestCases" name="checkBookPageContent" time="0.0">
    <ignored/>
  </testcase> <!-- checkBookPageContent -->
  <testcase classname="ui.TestCases" name="checkEditScheduleContent" time="0.0">
    <ignored/>
  </testcase> <!-- checkEditScheduleContent -->
</testsuite> <!-- Admin -->
